The target system is: Android - 1 - aarch64
The host system is: Darwin - 24.0.0 - arm64
Compiling the C compiler identification source file "CMakeCCompilerId.c" succeeded.
Compiler: /Users/marufahmed/Library/Android/sdk/ndk/28.0.12433566/toolchains/llvm/prebuilt/darwin-x86_64/bin/clang 
Build flags: -g;-DANDROID;-fdata-sections;-ffunction-sections;-funwind-tables;-fstack-protector-strong;-no-canonical-prefixes;-D_FORTIFY_SOURCE=2;-Wformat;-Werror=format-security;
Id flags: -c;--target=aarch64-none-linux-android24 

The output was:
0


Compilation of the C compiler identification source "CMakeCCompilerId.c" produced "CMakeCCompilerId.o"

The C compiler identification is Clang, found in "/Users/marufahmed/Work/codes/ncnn_paddleocr/app/.cxx/Debug/6p4p4qd1/arm64-v8a/CMakeFiles/3.22.1-g37088a8/CompilerIdC/CMakeCCompilerId.o"

Compiling the CXX compiler identification source file "CMakeCXXCompilerId.cpp" succeeded.
Compiler: /Users/marufahmed/Library/Android/sdk/ndk/28.0.12433566/toolchains/llvm/prebuilt/darwin-x86_64/bin/clang++ 
Build flags: -g;-DANDROID;-fdata-sections;-ffunction-sections;-funwind-tables;-fstack-protector-strong;-no-canonical-prefixes;-D_FORTIFY_SOURCE=2;-Wformat;-Werror=format-security;;
Id flags: -c;--target=aarch64-none-linux-android24 

The output was:
0


Compilation of the CXX compiler identification source "CMakeCXXCompilerId.cpp" produced "CMakeCXXCompilerId.o"

The CXX compiler identification is Clang, found in "/Users/marufahmed/Work/codes/ncnn_paddleocr/app/.cxx/Debug/6p4p4qd1/arm64-v8a/CMakeFiles/3.22.1-g37088a8/CompilerIdCXX/CMakeCXXCompilerId.o"

Detecting C compiler ABI info compiled with the following output:
Change Dir: /Users/marufahmed/Work/codes/ncnn_paddleocr/app/.cxx/Debug/6p4p4qd1/arm64-v8a/CMakeFiles/CMakeTmp

Run Build Command(s):/Users/marufahmed/Library/Android/sdk/cmake/3.22.1/bin/ninja cmTC_5f8af && [1/2] Building C object CMakeFiles/cmTC_5f8af.dir/CMakeCCompilerABI.c.o
Android (12328485, +pgo, -bolt, +lto, -mlgo, based on r530567) clang version 19.0.0 (https://android.googlesource.com/toolchain/llvm-project 97a699bf4812a18fb657c2779f5296a4ab2694d2)
Target: aarch64-none-linux-android24
Thread model: posix
InstalledDir: /Users/marufahmed/Library/Android/sdk/ndk/28.0.12433566/toolchains/llvm/prebuilt/darwin-x86_64/bin
 (in-process)
 "/Users/marufahmed/Library/Android/sdk/ndk/28.0.12433566/toolchains/llvm/prebuilt/darwin-x86_64/bin/clang" -cc1 -triple aarch64-none-linux-android24 -emit-obj -mrelax-all -disable-free -clear-ast-before-backend -disable-llvm-verifier -discard-value-names -main-file-name CMakeCCompilerABI.c -mrelocation-model pic -pic-level 2 -pic-is-pie -mframe-pointer=non-leaf -ffp-contract=on -fno-rounding-math -mconstructor-aliases -funwind-tables=2 -target-cpu generic -target-feature +v8a -target-feature +fp-armv8 -target-feature +neon -target-feature +fix-cortex-a53-835769 -target-abi aapcs -debug-info-kind=constructor -dwarf-version=4 -debugger-tuning=gdb -fdebug-compilation-dir=/Users/marufahmed/Work/codes/ncnn_paddleocr/app/.cxx/Debug/6p4p4qd1/arm64-v8a/CMakeFiles/CMakeTmp -v -ffunction-sections -fdata-sections -fcoverage-compilation-dir=/Users/marufahmed/Work/codes/ncnn_paddleocr/app/.cxx/Debug/6p4p4qd1/arm64-v8a/CMakeFiles/CMakeTmp -resource-dir /Users/marufahmed/Library/Android/sdk/ndk/28.0.12433566/toolchains/llvm/prebuilt/darwin-x86_64/lib/clang/19 -dependency-file CMakeFiles/cmTC_5f8af.dir/CMakeCCompilerABI.c.o.d -MT CMakeFiles/cmTC_5f8af.dir/CMakeCCompilerABI.c.o -sys-header-deps -D ANDROID -D _FORTIFY_SOURCE=2 -isysroot /Users/marufahmed/Library/Android/sdk/ndk/28.0.12433566/toolchains/llvm/prebuilt/darwin-x86_64/sysroot -internal-isystem /Users/marufahmed/Library/Android/sdk/ndk/28.0.12433566/toolchains/llvm/prebuilt/darwin-x86_64/lib/clang/19/include -internal-isystem /Users/marufahmed/Library/Android/sdk/ndk/28.0.12433566/toolchains/llvm/prebuilt/darwin-x86_64/sysroot/usr/local/include -internal-externc-isystem /Users/marufahmed/Library/Android/sdk/ndk/28.0.12433566/toolchains/llvm/prebuilt/darwin-x86_64/sysroot/usr/include/aarch64-linux-android -internal-externc-isystem /Users/marufahmed/Library/Android/sdk/ndk/28.0.12433566/toolchains/llvm/prebuilt/darwin-x86_64/sysroot/include -internal-externc-isystem /Users/marufahmed/Library/Android/sdk/ndk/28.0.12433566/toolchains/llvm/prebuilt/darwin-x86_64/sysroot/usr/include -Wformat -ferror-limit 19 -femulated-tls -stack-protector 2 -fno-signed-char -fgnuc-version=4.2.1 -fskip-odr-check-in-gmf -target-feature +outline-atomics -D__GCC_HAVE_DWARF2_CFI_ASM=1 -o CMakeFiles/cmTC_5f8af.dir/CMakeCCompilerABI.c.o -x c /Users/marufahmed/Library/Android/sdk/cmake/3.22.1/share/cmake-3.22/Modules/CMakeCCompilerABI.c
clang -cc1 version 19.0.0 based upon LLVM 19.0.0 default target x86_64-apple-darwin24.0.0
ignoring nonexistent directory "/Users/marufahmed/Library/Android/sdk/ndk/28.0.12433566/toolchains/llvm/prebuilt/darwin-x86_64/sysroot/usr/local/include"
ignoring nonexistent directory "/Users/marufahmed/Library/Android/sdk/ndk/28.0.12433566/toolchains/llvm/prebuilt/darwin-x86_64/sysroot/include"
#include "..." search starts here:
#include <...> search starts here:
 /Users/marufahmed/Library/Android/sdk/ndk/28.0.12433566/toolchains/llvm/prebuilt/darwin-x86_64/lib/clang/19/include
 /Users/marufahmed/Library/Android/sdk/ndk/28.0.12433566/toolchains/llvm/prebuilt/darwin-x86_64/sysroot/usr/include/aarch64-linux-android
 /Users/marufahmed/Library/Android/sdk/ndk/28.0.12433566/toolchains/llvm/prebuilt/darwin-x86_64/sysroot/usr/include
End of search list.
[2/2] Linking C executable cmTC_5f8af
Android (12328485, +pgo, -bolt, +lto, -mlgo, based on r530567) clang version 19.0.0 (https://android.googlesource.com/toolchain/llvm-project 97a699bf4812a18fb657c2779f5296a4ab2694d2)
Target: aarch64-none-linux-android24
Thread model: posix
InstalledDir: /Users/marufahmed/Library/Android/sdk/ndk/28.0.12433566/toolchains/llvm/prebuilt/darwin-x86_64/bin
 "/Users/marufahmed/Library/Android/sdk/ndk/28.0.12433566/toolchains/llvm/prebuilt/darwin-x86_64/bin/ld.lld" --sysroot=/Users/marufahmed/Library/Android/sdk/ndk/28.0.12433566/toolchains/llvm/prebuilt/darwin-x86_64/sysroot -EL --fix-cortex-a53-843419 -z now -z relro -z max-page-size=16384 --hash-style=gnu --eh-frame-hdr -m aarch64linux -pie -dynamic-linker /system/bin/linker64 -o cmTC_5f8af /Users/marufahmed/Library/Android/sdk/ndk/28.0.12433566/toolchains/llvm/prebuilt/darwin-x86_64/sysroot/usr/lib/aarch64-linux-android/24/crtbegin_dynamic.o -L/Users/marufahmed/Library/Android/sdk/ndk/28.0.12433566/toolchains/llvm/prebuilt/darwin-x86_64/lib/clang/19/lib/linux/aarch64 -L/Users/marufahmed/Library/Android/sdk/ndk/28.0.12433566/toolchains/llvm/prebuilt/darwin-x86_64/sysroot/usr/lib/aarch64-linux-android/24 -L/Users/marufahmed/Library/Android/sdk/ndk/28.0.12433566/toolchains/llvm/prebuilt/darwin-x86_64/sysroot/usr/lib/aarch64-linux-android -L/Users/marufahmed/Library/Android/sdk/ndk/28.0.12433566/toolchains/llvm/prebuilt/darwin-x86_64/sysroot/usr/lib --build-id=sha1 --no-rosegment --no-undefined-version --fatal-warnings --no-undefined CMakeFiles/cmTC_5f8af.dir/CMakeCCompilerABI.c.o /Users/marufahmed/Library/Android/sdk/ndk/28.0.12433566/toolchains/llvm/prebuilt/darwin-x86_64/lib/clang/19/lib/linux/libclang_rt.builtins-aarch64-android.a -l:libunwind.a -ldl -lc /Users/marufahmed/Library/Android/sdk/ndk/28.0.12433566/toolchains/llvm/prebuilt/darwin-x86_64/lib/clang/19/lib/linux/libclang_rt.builtins-aarch64-android.a -l:libunwind.a -ldl /Users/marufahmed/Library/Android/sdk/ndk/28.0.12433566/toolchains/llvm/prebuilt/darwin-x86_64/sysroot/usr/lib/aarch64-linux-android/24/crtend_android.o



Parsed C implicit include dir info from above output: rv=done
  found start of include info
  found start of implicit include info
    add: [/Users/marufahmed/Library/Android/sdk/ndk/28.0.12433566/toolchains/llvm/prebuilt/darwin-x86_64/lib/clang/19/include]
    add: [/Users/marufahmed/Library/Android/sdk/ndk/28.0.12433566/toolchains/llvm/prebuilt/darwin-x86_64/sysroot/usr/include/aarch64-linux-android]
    add: [/Users/marufahmed/Library/Android/sdk/ndk/28.0.12433566/toolchains/llvm/prebuilt/darwin-x86_64/sysroot/usr/include]
  end of search list found
  collapse include dir [/Users/marufahmed/Library/Android/sdk/ndk/28.0.12433566/toolchains/llvm/prebuilt/darwin-x86_64/lib/clang/19/include] ==> [/Users/marufahmed/Library/Android/sdk/ndk/28.0.12433566/toolchains/llvm/prebuilt/darwin-x86_64/lib/clang/19/include]
  collapse include dir [/Users/marufahmed/Library/Android/sdk/ndk/28.0.12433566/toolchains/llvm/prebuilt/darwin-x86_64/sysroot/usr/include/aarch64-linux-android] ==> [/Users/marufahmed/Library/Android/sdk/ndk/28.0.12433566/toolchains/llvm/prebuilt/darwin-x86_64/sysroot/usr/include/aarch64-linux-android]
  collapse include dir [/Users/marufahmed/Library/Android/sdk/ndk/28.0.12433566/toolchains/llvm/prebuilt/darwin-x86_64/sysroot/usr/include] ==> [/Users/marufahmed/Library/Android/sdk/ndk/28.0.12433566/toolchains/llvm/prebuilt/darwin-x86_64/sysroot/usr/include]
  implicit include dirs: [/Users/marufahmed/Library/Android/sdk/ndk/28.0.12433566/toolchains/llvm/prebuilt/darwin-x86_64/lib/clang/19/include;/Users/marufahmed/Library/Android/sdk/ndk/28.0.12433566/toolchains/llvm/prebuilt/darwin-x86_64/sysroot/usr/include/aarch64-linux-android;/Users/marufahmed/Library/Android/sdk/ndk/28.0.12433566/toolchains/llvm/prebuilt/darwin-x86_64/sysroot/usr/include]


Parsed C implicit link information from above output:
  link line regex: [^( *|.*[/\])(ld\.lld|CMAKE_LINK_STARTFILE-NOTFOUND|([^/\]+-)?ld|collect2)[^/\]*( |$)]
  ignore line: [Change Dir: /Users/marufahmed/Work/codes/ncnn_paddleocr/app/.cxx/Debug/6p4p4qd1/arm64-v8a/CMakeFiles/CMakeTmp]
  ignore line: []
  ignore line: [Run Build Command(s):/Users/marufahmed/Library/Android/sdk/cmake/3.22.1/bin/ninja cmTC_5f8af && [1/2] Building C object CMakeFiles/cmTC_5f8af.dir/CMakeCCompilerABI.c.o]
  ignore line: [Android (12328485  +pgo  -bolt  +lto  -mlgo  based on r530567) clang version 19.0.0 (https://android.googlesource.com/toolchain/llvm-project 97a699bf4812a18fb657c2779f5296a4ab2694d2)]
  ignore line: [Target: aarch64-none-linux-android24]
  ignore line: [Thread model: posix]
  ignore line: [InstalledDir: /Users/marufahmed/Library/Android/sdk/ndk/28.0.12433566/toolchains/llvm/prebuilt/darwin-x86_64/bin]
  ignore line: [ (in-process)]
  ignore line: [ "/Users/marufahmed/Library/Android/sdk/ndk/28.0.12433566/toolchains/llvm/prebuilt/darwin-x86_64/bin/clang" -cc1 -triple aarch64-none-linux-android24 -emit-obj -mrelax-all -disable-free -clear-ast-before-backend -disable-llvm-verifier -discard-value-names -main-file-name CMakeCCompilerABI.c -mrelocation-model pic -pic-level 2 -pic-is-pie -mframe-pointer=non-leaf -ffp-contract=on -fno-rounding-math -mconstructor-aliases -funwind-tables=2 -target-cpu generic -target-feature +v8a -target-feature +fp-armv8 -target-feature +neon -target-feature +fix-cortex-a53-835769 -target-abi aapcs -debug-info-kind=constructor -dwarf-version=4 -debugger-tuning=gdb -fdebug-compilation-dir=/Users/marufahmed/Work/codes/ncnn_paddleocr/app/.cxx/Debug/6p4p4qd1/arm64-v8a/CMakeFiles/CMakeTmp -v -ffunction-sections -fdata-sections -fcoverage-compilation-dir=/Users/marufahmed/Work/codes/ncnn_paddleocr/app/.cxx/Debug/6p4p4qd1/arm64-v8a/CMakeFiles/CMakeTmp -resource-dir /Users/marufahmed/Library/Android/sdk/ndk/28.0.12433566/toolchains/llvm/prebuilt/darwin-x86_64/lib/clang/19 -dependency-file CMakeFiles/cmTC_5f8af.dir/CMakeCCompilerABI.c.o.d -MT CMakeFiles/cmTC_5f8af.dir/CMakeCCompilerABI.c.o -sys-header-deps -D ANDROID -D _FORTIFY_SOURCE=2 -isysroot /Users/marufahmed/Library/Android/sdk/ndk/28.0.12433566/toolchains/llvm/prebuilt/darwin-x86_64/sysroot -internal-isystem /Users/marufahmed/Library/Android/sdk/ndk/28.0.12433566/toolchains/llvm/prebuilt/darwin-x86_64/lib/clang/19/include -internal-isystem /Users/marufahmed/Library/Android/sdk/ndk/28.0.12433566/toolchains/llvm/prebuilt/darwin-x86_64/sysroot/usr/local/include -internal-externc-isystem /Users/marufahmed/Library/Android/sdk/ndk/28.0.12433566/toolchains/llvm/prebuilt/darwin-x86_64/sysroot/usr/include/aarch64-linux-android -internal-externc-isystem /Users/marufahmed/Library/Android/sdk/ndk/28.0.12433566/toolchains/llvm/prebuilt/darwin-x86_64/sysroot/include -internal-externc-isystem /Users/marufahmed/Library/Android/sdk/ndk/28.0.12433566/toolchains/llvm/prebuilt/darwin-x86_64/sysroot/usr/include -Wformat -ferror-limit 19 -femulated-tls -stack-protector 2 -fno-signed-char -fgnuc-version=4.2.1 -fskip-odr-check-in-gmf -target-feature +outline-atomics -D__GCC_HAVE_DWARF2_CFI_ASM=1 -o CMakeFiles/cmTC_5f8af.dir/CMakeCCompilerABI.c.o -x c /Users/marufahmed/Library/Android/sdk/cmake/3.22.1/share/cmake-3.22/Modules/CMakeCCompilerABI.c]
  ignore line: [clang -cc1 version 19.0.0 based upon LLVM 19.0.0 default target x86_64-apple-darwin24.0.0]
  ignore line: [ignoring nonexistent directory "/Users/marufahmed/Library/Android/sdk/ndk/28.0.12433566/toolchains/llvm/prebuilt/darwin-x86_64/sysroot/usr/local/include"]
  ignore line: [ignoring nonexistent directory "/Users/marufahmed/Library/Android/sdk/ndk/28.0.12433566/toolchains/llvm/prebuilt/darwin-x86_64/sysroot/include"]
  ignore line: [#include "..." search starts here:]
  ignore line: [#include <...> search starts here:]
  ignore line: [ /Users/marufahmed/Library/Android/sdk/ndk/28.0.12433566/toolchains/llvm/prebuilt/darwin-x86_64/lib/clang/19/include]
  ignore line: [ /Users/marufahmed/Library/Android/sdk/ndk/28.0.12433566/toolchains/llvm/prebuilt/darwin-x86_64/sysroot/usr/include/aarch64-linux-android]
  ignore line: [ /Users/marufahmed/Library/Android/sdk/ndk/28.0.12433566/toolchains/llvm/prebuilt/darwin-x86_64/sysroot/usr/include]
  ignore line: [End of search list.]
  ignore line: [[2/2] Linking C executable cmTC_5f8af]
  ignore line: [Android (12328485  +pgo  -bolt  +lto  -mlgo  based on r530567) clang version 19.0.0 (https://android.googlesource.com/toolchain/llvm-project 97a699bf4812a18fb657c2779f5296a4ab2694d2)]
  ignore line: [Target: aarch64-none-linux-android24]
  ignore line: [Thread model: posix]
  ignore line: [InstalledDir: /Users/marufahmed/Library/Android/sdk/ndk/28.0.12433566/toolchains/llvm/prebuilt/darwin-x86_64/bin]
  link line: [ "/Users/marufahmed/Library/Android/sdk/ndk/28.0.12433566/toolchains/llvm/prebuilt/darwin-x86_64/bin/ld.lld" --sysroot=/Users/marufahmed/Library/Android/sdk/ndk/28.0.12433566/toolchains/llvm/prebuilt/darwin-x86_64/sysroot -EL --fix-cortex-a53-843419 -z now -z relro -z max-page-size=16384 --hash-style=gnu --eh-frame-hdr -m aarch64linux -pie -dynamic-linker /system/bin/linker64 -o cmTC_5f8af /Users/marufahmed/Library/Android/sdk/ndk/28.0.12433566/toolchains/llvm/prebuilt/darwin-x86_64/sysroot/usr/lib/aarch64-linux-android/24/crtbegin_dynamic.o -L/Users/marufahmed/Library/Android/sdk/ndk/28.0.12433566/toolchains/llvm/prebuilt/darwin-x86_64/lib/clang/19/lib/linux/aarch64 -L/Users/marufahmed/Library/Android/sdk/ndk/28.0.12433566/toolchains/llvm/prebuilt/darwin-x86_64/sysroot/usr/lib/aarch64-linux-android/24 -L/Users/marufahmed/Library/Android/sdk/ndk/28.0.12433566/toolchains/llvm/prebuilt/darwin-x86_64/sysroot/usr/lib/aarch64-linux-android -L/Users/marufahmed/Library/Android/sdk/ndk/28.0.12433566/toolchains/llvm/prebuilt/darwin-x86_64/sysroot/usr/lib --build-id=sha1 --no-rosegment --no-undefined-version --fatal-warnings --no-undefined CMakeFiles/cmTC_5f8af.dir/CMakeCCompilerABI.c.o /Users/marufahmed/Library/Android/sdk/ndk/28.0.12433566/toolchains/llvm/prebuilt/darwin-x86_64/lib/clang/19/lib/linux/libclang_rt.builtins-aarch64-android.a -l:libunwind.a -ldl -lc /Users/marufahmed/Library/Android/sdk/ndk/28.0.12433566/toolchains/llvm/prebuilt/darwin-x86_64/lib/clang/19/lib/linux/libclang_rt.builtins-aarch64-android.a -l:libunwind.a -ldl /Users/marufahmed/Library/Android/sdk/ndk/28.0.12433566/toolchains/llvm/prebuilt/darwin-x86_64/sysroot/usr/lib/aarch64-linux-android/24/crtend_android.o]
    arg [/Users/marufahmed/Library/Android/sdk/ndk/28.0.12433566/toolchains/llvm/prebuilt/darwin-x86_64/bin/ld.lld] ==> ignore
    arg [--sysroot=/Users/marufahmed/Library/Android/sdk/ndk/28.0.12433566/toolchains/llvm/prebuilt/darwin-x86_64/sysroot] ==> ignore
    arg [-EL] ==> ignore
    arg [--fix-cortex-a53-843419] ==> ignore
    arg [-znow] ==> ignore
    arg [-zrelro] ==> ignore
    arg [-zmax-page-size=16384] ==> ignore
    arg [--hash-style=gnu] ==> ignore
    arg [--eh-frame-hdr] ==> ignore
    arg [-m] ==> ignore
    arg [aarch64linux] ==> ignore
    arg [-pie] ==> ignore
    arg [-dynamic-linker] ==> ignore
    arg [/system/bin/linker64] ==> ignore
    arg [-o] ==> ignore
    arg [cmTC_5f8af] ==> ignore
    arg [/Users/marufahmed/Library/Android/sdk/ndk/28.0.12433566/toolchains/llvm/prebuilt/darwin-x86_64/sysroot/usr/lib/aarch64-linux-android/24/crtbegin_dynamic.o] ==> obj [/Users/marufahmed/Library/Android/sdk/ndk/28.0.12433566/toolchains/llvm/prebuilt/darwin-x86_64/sysroot/usr/lib/aarch64-linux-android/24/crtbegin_dynamic.o]
    arg [-L/Users/marufahmed/Library/Android/sdk/ndk/28.0.12433566/toolchains/llvm/prebuilt/darwin-x86_64/lib/clang/19/lib/linux/aarch64] ==> dir [/Users/marufahmed/Library/Android/sdk/ndk/28.0.12433566/toolchains/llvm/prebuilt/darwin-x86_64/lib/clang/19/lib/linux/aarch64]
    arg [-L/Users/marufahmed/Library/Android/sdk/ndk/28.0.12433566/toolchains/llvm/prebuilt/darwin-x86_64/sysroot/usr/lib/aarch64-linux-android/24] ==> dir [/Users/marufahmed/Library/Android/sdk/ndk/28.0.12433566/toolchains/llvm/prebuilt/darwin-x86_64/sysroot/usr/lib/aarch64-linux-android/24]
    arg [-L/Users/marufahmed/Library/Android/sdk/ndk/28.0.12433566/toolchains/llvm/prebuilt/darwin-x86_64/sysroot/usr/lib/aarch64-linux-android] ==> dir [/Users/marufahmed/Library/Android/sdk/ndk/28.0.12433566/toolchains/llvm/prebuilt/darwin-x86_64/sysroot/usr/lib/aarch64-linux-android]
    arg [-L/Users/marufahmed/Library/Android/sdk/ndk/28.0.12433566/toolchains/llvm/prebuilt/darwin-x86_64/sysroot/usr/lib] ==> dir [/Users/marufahmed/Library/Android/sdk/ndk/28.0.12433566/toolchains/llvm/prebuilt/darwin-x86_64/sysroot/usr/lib]
    arg [--build-id=sha1] ==> ignore
    arg [--no-rosegment] ==> ignore
    arg [--no-undefined-version] ==> ignore
    arg [--fatal-warnings] ==> ignore
    arg [--no-undefined] ==> ignore
    arg [CMakeFiles/cmTC_5f8af.dir/CMakeCCompilerABI.c.o] ==> ignore
    arg [/Users/marufahmed/Library/Android/sdk/ndk/28.0.12433566/toolchains/llvm/prebuilt/darwin-x86_64/lib/clang/19/lib/linux/libclang_rt.builtins-aarch64-android.a] ==> lib [/Users/marufahmed/Library/Android/sdk/ndk/28.0.12433566/toolchains/llvm/prebuilt/darwin-x86_64/lib/clang/19/lib/linux/libclang_rt.builtins-aarch64-android.a]
    arg [-l:libunwind.a] ==> lib [-l:libunwind.a]
    arg [-ldl] ==> lib [dl]
    arg [-lc] ==> lib [c]
    arg [/Users/marufahmed/Library/Android/sdk/ndk/28.0.12433566/toolchains/llvm/prebuilt/darwin-x86_64/lib/clang/19/lib/linux/libclang_rt.builtins-aarch64-android.a] ==> lib [/Users/marufahmed/Library/Android/sdk/ndk/28.0.12433566/toolchains/llvm/prebuilt/darwin-x86_64/lib/clang/19/lib/linux/libclang_rt.builtins-aarch64-android.a]
    arg [-l:libunwind.a] ==> lib [-l:libunwind.a]
    arg [-ldl] ==> lib [dl]
    arg [/Users/marufahmed/Library/Android/sdk/ndk/28.0.12433566/toolchains/llvm/prebuilt/darwin-x86_64/sysroot/usr/lib/aarch64-linux-android/24/crtend_android.o] ==> obj [/Users/marufahmed/Library/Android/sdk/ndk/28.0.12433566/toolchains/llvm/prebuilt/darwin-x86_64/sysroot/usr/lib/aarch64-linux-android/24/crtend_android.o]
  remove lib [/Users/marufahmed/Library/Android/sdk/ndk/28.0.12433566/toolchains/llvm/prebuilt/darwin-x86_64/lib/clang/19/lib/linux/libclang_rt.builtins-aarch64-android.a]
  remove lib [/Users/marufahmed/Library/Android/sdk/ndk/28.0.12433566/toolchains/llvm/prebuilt/darwin-x86_64/lib/clang/19/lib/linux/libclang_rt.builtins-aarch64-android.a]
  collapse library dir [/Users/marufahmed/Library/Android/sdk/ndk/28.0.12433566/toolchains/llvm/prebuilt/darwin-x86_64/lib/clang/19/lib/linux/aarch64] ==> [/Users/marufahmed/Library/Android/sdk/ndk/28.0.12433566/toolchains/llvm/prebuilt/darwin-x86_64/lib/clang/19/lib/linux/aarch64]
  collapse library dir [/Users/marufahmed/Library/Android/sdk/ndk/28.0.12433566/toolchains/llvm/prebuilt/darwin-x86_64/sysroot/usr/lib/aarch64-linux-android/24] ==> [/Users/marufahmed/Library/Android/sdk/ndk/28.0.12433566/toolchains/llvm/prebuilt/darwin-x86_64/sysroot/usr/lib/aarch64-linux-android/24]
  collapse library dir [/Users/marufahmed/Library/Android/sdk/ndk/28.0.12433566/toolchains/llvm/prebuilt/darwin-x86_64/sysroot/usr/lib/aarch64-linux-android] ==> [/Users/marufahmed/Library/Android/sdk/ndk/28.0.12433566/toolchains/llvm/prebuilt/darwin-x86_64/sysroot/usr/lib/aarch64-linux-android]
  collapse library dir [/Users/marufahmed/Library/Android/sdk/ndk/28.0.12433566/toolchains/llvm/prebuilt/darwin-x86_64/sysroot/usr/lib] ==> [/Users/marufahmed/Library/Android/sdk/ndk/28.0.12433566/toolchains/llvm/prebuilt/darwin-x86_64/sysroot/usr/lib]
  implicit libs: [-l:libunwind.a;dl;c;-l:libunwind.a;dl]
  implicit objs: [/Users/marufahmed/Library/Android/sdk/ndk/28.0.12433566/toolchains/llvm/prebuilt/darwin-x86_64/sysroot/usr/lib/aarch64-linux-android/24/crtbegin_dynamic.o;/Users/marufahmed/Library/Android/sdk/ndk/28.0.12433566/toolchains/llvm/prebuilt/darwin-x86_64/sysroot/usr/lib/aarch64-linux-android/24/crtend_android.o]
  implicit dirs: [/Users/marufahmed/Library/Android/sdk/ndk/28.0.12433566/toolchains/llvm/prebuilt/darwin-x86_64/lib/clang/19/lib/linux/aarch64;/Users/marufahmed/Library/Android/sdk/ndk/28.0.12433566/toolchains/llvm/prebuilt/darwin-x86_64/sysroot/usr/lib/aarch64-linux-android/24;/Users/marufahmed/Library/Android/sdk/ndk/28.0.12433566/toolchains/llvm/prebuilt/darwin-x86_64/sysroot/usr/lib/aarch64-linux-android;/Users/marufahmed/Library/Android/sdk/ndk/28.0.12433566/toolchains/llvm/prebuilt/darwin-x86_64/sysroot/usr/lib]
  implicit fwks: []


Detecting CXX compiler ABI info compiled with the following output:
Change Dir: /Users/marufahmed/Work/codes/ncnn_paddleocr/app/.cxx/Debug/6p4p4qd1/arm64-v8a/CMakeFiles/CMakeTmp

Run Build Command(s):/Users/marufahmed/Library/Android/sdk/cmake/3.22.1/bin/ninja cmTC_c55e0 && [1/2] Building CXX object CMakeFiles/cmTC_c55e0.dir/CMakeCXXCompilerABI.cpp.o
Android (12328485, +pgo, -bolt, +lto, -mlgo, based on r530567) clang version 19.0.0 (https://android.googlesource.com/toolchain/llvm-project 97a699bf4812a18fb657c2779f5296a4ab2694d2)
Target: aarch64-none-linux-android24
Thread model: posix
InstalledDir: /Users/marufahmed/Library/Android/sdk/ndk/28.0.12433566/toolchains/llvm/prebuilt/darwin-x86_64/bin
 (in-process)
 "/Users/marufahmed/Library/Android/sdk/ndk/28.0.12433566/toolchains/llvm/prebuilt/darwin-x86_64/bin/clang++" -cc1 -triple aarch64-none-linux-android24 -emit-obj -mrelax-all -disable-free -clear-ast-before-backend -disable-llvm-verifier -discard-value-names -main-file-name CMakeCXXCompilerABI.cpp -mrelocation-model pic -pic-level 2 -pic-is-pie -mframe-pointer=non-leaf -ffp-contract=on -fno-rounding-math -mconstructor-aliases -funwind-tables=2 -target-cpu generic -target-feature +v8a -target-feature +fp-armv8 -target-feature +neon -target-feature +fix-cortex-a53-835769 -target-abi aapcs -debug-info-kind=constructor -dwarf-version=4 -debugger-tuning=gdb -fdebug-compilation-dir=/Users/marufahmed/Work/codes/ncnn_paddleocr/app/.cxx/Debug/6p4p4qd1/arm64-v8a/CMakeFiles/CMakeTmp -v -ffunction-sections -fdata-sections -fcoverage-compilation-dir=/Users/marufahmed/Work/codes/ncnn_paddleocr/app/.cxx/Debug/6p4p4qd1/arm64-v8a/CMakeFiles/CMakeTmp -resource-dir /Users/marufahmed/Library/Android/sdk/ndk/28.0.12433566/toolchains/llvm/prebuilt/darwin-x86_64/lib/clang/19 -dependency-file CMakeFiles/cmTC_c55e0.dir/CMakeCXXCompilerABI.cpp.o.d -MT CMakeFiles/cmTC_c55e0.dir/CMakeCXXCompilerABI.cpp.o -sys-header-deps -D ANDROID -D _FORTIFY_SOURCE=2 -isysroot /Users/marufahmed/Library/Android/sdk/ndk/28.0.12433566/toolchains/llvm/prebuilt/darwin-x86_64/sysroot -internal-isystem /Users/marufahmed/Library/Android/sdk/ndk/28.0.12433566/toolchains/llvm/prebuilt/darwin-x86_64/sysroot/usr/include/c++/v1 -internal-isystem /Users/marufahmed/Library/Android/sdk/ndk/28.0.12433566/toolchains/llvm/prebuilt/darwin-x86_64/lib/clang/19/include -internal-isystem /Users/marufahmed/Library/Android/sdk/ndk/28.0.12433566/toolchains/llvm/prebuilt/darwin-x86_64/sysroot/usr/local/include -internal-externc-isystem /Users/marufahmed/Library/Android/sdk/ndk/28.0.12433566/toolchains/llvm/prebuilt/darwin-x86_64/sysroot/usr/include/aarch64-linux-android -internal-externc-isystem /Users/marufahmed/Library/Android/sdk/ndk/28.0.12433566/toolchains/llvm/prebuilt/darwin-x86_64/sysroot/include -internal-externc-isystem /Users/marufahmed/Library/Android/sdk/ndk/28.0.12433566/toolchains/llvm/prebuilt/darwin-x86_64/sysroot/usr/include -Wformat -fdeprecated-macro -ferror-limit 19 -femulated-tls -stack-protector 2 -fno-signed-char -fgnuc-version=4.2.1 -fskip-odr-check-in-gmf -fcxx-exceptions -fexceptions -target-feature +outline-atomics -D__GCC_HAVE_DWARF2_CFI_ASM=1 -o CMakeFiles/cmTC_c55e0.dir/CMakeCXXCompilerABI.cpp.o -x c++ /Users/marufahmed/Library/Android/sdk/cmake/3.22.1/share/cmake-3.22/Modules/CMakeCXXCompilerABI.cpp
clang -cc1 version 19.0.0 based upon LLVM 19.0.0 default target x86_64-apple-darwin24.0.0
ignoring nonexistent directory "/Users/marufahmed/Library/Android/sdk/ndk/28.0.12433566/toolchains/llvm/prebuilt/darwin-x86_64/sysroot/usr/local/include"
ignoring nonexistent directory "/Users/marufahmed/Library/Android/sdk/ndk/28.0.12433566/toolchains/llvm/prebuilt/darwin-x86_64/sysroot/include"
#include "..." search starts here:
#include <...> search starts here:
 /Users/marufahmed/Library/Android/sdk/ndk/28.0.12433566/toolchains/llvm/prebuilt/darwin-x86_64/sysroot/usr/include/c++/v1
 /Users/marufahmed/Library/Android/sdk/ndk/28.0.12433566/toolchains/llvm/prebuilt/darwin-x86_64/lib/clang/19/include
 /Users/marufahmed/Library/Android/sdk/ndk/28.0.12433566/toolchains/llvm/prebuilt/darwin-x86_64/sysroot/usr/include/aarch64-linux-android
 /Users/marufahmed/Library/Android/sdk/ndk/28.0.12433566/toolchains/llvm/prebuilt/darwin-x86_64/sysroot/usr/include
End of search list.
[2/2] Linking CXX executable cmTC_c55e0
Android (12328485, +pgo, -bolt, +lto, -mlgo, based on r530567) clang version 19.0.0 (https://android.googlesource.com/toolchain/llvm-project 97a699bf4812a18fb657c2779f5296a4ab2694d2)
Target: aarch64-none-linux-android24
Thread model: posix
InstalledDir: /Users/marufahmed/Library/Android/sdk/ndk/28.0.12433566/toolchains/llvm/prebuilt/darwin-x86_64/bin
 "/Users/marufahmed/Library/Android/sdk/ndk/28.0.12433566/toolchains/llvm/prebuilt/darwin-x86_64/bin/ld.lld" --sysroot=/Users/marufahmed/Library/Android/sdk/ndk/28.0.12433566/toolchains/llvm/prebuilt/darwin-x86_64/sysroot -EL --fix-cortex-a53-843419 -z now -z relro -z max-page-size=16384 --hash-style=gnu --eh-frame-hdr -m aarch64linux -pie -dynamic-linker /system/bin/linker64 -o cmTC_c55e0 /Users/marufahmed/Library/Android/sdk/ndk/28.0.12433566/toolchains/llvm/prebuilt/darwin-x86_64/sysroot/usr/lib/aarch64-linux-android/24/crtbegin_dynamic.o -L/Users/marufahmed/Library/Android/sdk/ndk/28.0.12433566/toolchains/llvm/prebuilt/darwin-x86_64/lib/clang/19/lib/linux/aarch64 -L/Users/marufahmed/Library/Android/sdk/ndk/28.0.12433566/toolchains/llvm/prebuilt/darwin-x86_64/sysroot/usr/lib/aarch64-linux-android/24 -L/Users/marufahmed/Library/Android/sdk/ndk/28.0.12433566/toolchains/llvm/prebuilt/darwin-x86_64/sysroot/usr/lib/aarch64-linux-android -L/Users/marufahmed/Library/Android/sdk/ndk/28.0.12433566/toolchains/llvm/prebuilt/darwin-x86_64/sysroot/usr/lib --build-id=sha1 --no-rosegment --no-undefined-version --fatal-warnings --no-undefined CMakeFiles/cmTC_c55e0.dir/CMakeCXXCompilerABI.cpp.o -Bstatic -lc++ -Bdynamic -lm /Users/marufahmed/Library/Android/sdk/ndk/28.0.12433566/toolchains/llvm/prebuilt/darwin-x86_64/lib/clang/19/lib/linux/libclang_rt.builtins-aarch64-android.a -l:libunwind.a -ldl -lc /Users/marufahmed/Library/Android/sdk/ndk/28.0.12433566/toolchains/llvm/prebuilt/darwin-x86_64/lib/clang/19/lib/linux/libclang_rt.builtins-aarch64-android.a -l:libunwind.a -ldl /Users/marufahmed/Library/Android/sdk/ndk/28.0.12433566/toolchains/llvm/prebuilt/darwin-x86_64/sysroot/usr/lib/aarch64-linux-android/24/crtend_android.o



Parsed CXX implicit include dir info from above output: rv=done
  found start of include info
  found start of implicit include info
    add: [/Users/marufahmed/Library/Android/sdk/ndk/28.0.12433566/toolchains/llvm/prebuilt/darwin-x86_64/sysroot/usr/include/c++/v1]
    add: [/Users/marufahmed/Library/Android/sdk/ndk/28.0.12433566/toolchains/llvm/prebuilt/darwin-x86_64/lib/clang/19/include]
    add: [/Users/marufahmed/Library/Android/sdk/ndk/28.0.12433566/toolchains/llvm/prebuilt/darwin-x86_64/sysroot/usr/include/aarch64-linux-android]
    add: [/Users/marufahmed/Library/Android/sdk/ndk/28.0.12433566/toolchains/llvm/prebuilt/darwin-x86_64/sysroot/usr/include]
  end of search list found
  collapse include dir [/Users/marufahmed/Library/Android/sdk/ndk/28.0.12433566/toolchains/llvm/prebuilt/darwin-x86_64/sysroot/usr/include/c++/v1] ==> [/Users/marufahmed/Library/Android/sdk/ndk/28.0.12433566/toolchains/llvm/prebuilt/darwin-x86_64/sysroot/usr/include/c++/v1]
  collapse include dir [/Users/marufahmed/Library/Android/sdk/ndk/28.0.12433566/toolchains/llvm/prebuilt/darwin-x86_64/lib/clang/19/include] ==> [/Users/marufahmed/Library/Android/sdk/ndk/28.0.12433566/toolchains/llvm/prebuilt/darwin-x86_64/lib/clang/19/include]
  collapse include dir [/Users/marufahmed/Library/Android/sdk/ndk/28.0.12433566/toolchains/llvm/prebuilt/darwin-x86_64/sysroot/usr/include/aarch64-linux-android] ==> [/Users/marufahmed/Library/Android/sdk/ndk/28.0.12433566/toolchains/llvm/prebuilt/darwin-x86_64/sysroot/usr/include/aarch64-linux-android]
  collapse include dir [/Users/marufahmed/Library/Android/sdk/ndk/28.0.12433566/toolchains/llvm/prebuilt/darwin-x86_64/sysroot/usr/include] ==> [/Users/marufahmed/Library/Android/sdk/ndk/28.0.12433566/toolchains/llvm/prebuilt/darwin-x86_64/sysroot/usr/include]
  implicit include dirs: [/Users/marufahmed/Library/Android/sdk/ndk/28.0.12433566/toolchains/llvm/prebuilt/darwin-x86_64/sysroot/usr/include/c++/v1;/Users/marufahmed/Library/Android/sdk/ndk/28.0.12433566/toolchains/llvm/prebuilt/darwin-x86_64/lib/clang/19/include;/Users/marufahmed/Library/Android/sdk/ndk/28.0.12433566/toolchains/llvm/prebuilt/darwin-x86_64/sysroot/usr/include/aarch64-linux-android;/Users/marufahmed/Library/Android/sdk/ndk/28.0.12433566/toolchains/llvm/prebuilt/darwin-x86_64/sysroot/usr/include]


Parsed CXX implicit link information from above output:
  link line regex: [^( *|.*[/\])(ld\.lld|CMAKE_LINK_STARTFILE-NOTFOUND|([^/\]+-)?ld|collect2)[^/\]*( |$)]
  ignore line: [Change Dir: /Users/marufahmed/Work/codes/ncnn_paddleocr/app/.cxx/Debug/6p4p4qd1/arm64-v8a/CMakeFiles/CMakeTmp]
  ignore line: []
  ignore line: [Run Build Command(s):/Users/marufahmed/Library/Android/sdk/cmake/3.22.1/bin/ninja cmTC_c55e0 && [1/2] Building CXX object CMakeFiles/cmTC_c55e0.dir/CMakeCXXCompilerABI.cpp.o]
  ignore line: [Android (12328485  +pgo  -bolt  +lto  -mlgo  based on r530567) clang version 19.0.0 (https://android.googlesource.com/toolchain/llvm-project 97a699bf4812a18fb657c2779f5296a4ab2694d2)]
  ignore line: [Target: aarch64-none-linux-android24]
  ignore line: [Thread model: posix]
  ignore line: [InstalledDir: /Users/marufahmed/Library/Android/sdk/ndk/28.0.12433566/toolchains/llvm/prebuilt/darwin-x86_64/bin]
  ignore line: [ (in-process)]
  ignore line: [ "/Users/marufahmed/Library/Android/sdk/ndk/28.0.12433566/toolchains/llvm/prebuilt/darwin-x86_64/bin/clang++" -cc1 -triple aarch64-none-linux-android24 -emit-obj -mrelax-all -disable-free -clear-ast-before-backend -disable-llvm-verifier -discard-value-names -main-file-name CMakeCXXCompilerABI.cpp -mrelocation-model pic -pic-level 2 -pic-is-pie -mframe-pointer=non-leaf -ffp-contract=on -fno-rounding-math -mconstructor-aliases -funwind-tables=2 -target-cpu generic -target-feature +v8a -target-feature +fp-armv8 -target-feature +neon -target-feature +fix-cortex-a53-835769 -target-abi aapcs -debug-info-kind=constructor -dwarf-version=4 -debugger-tuning=gdb -fdebug-compilation-dir=/Users/marufahmed/Work/codes/ncnn_paddleocr/app/.cxx/Debug/6p4p4qd1/arm64-v8a/CMakeFiles/CMakeTmp -v -ffunction-sections -fdata-sections -fcoverage-compilation-dir=/Users/marufahmed/Work/codes/ncnn_paddleocr/app/.cxx/Debug/6p4p4qd1/arm64-v8a/CMakeFiles/CMakeTmp -resource-dir /Users/marufahmed/Library/Android/sdk/ndk/28.0.12433566/toolchains/llvm/prebuilt/darwin-x86_64/lib/clang/19 -dependency-file CMakeFiles/cmTC_c55e0.dir/CMakeCXXCompilerABI.cpp.o.d -MT CMakeFiles/cmTC_c55e0.dir/CMakeCXXCompilerABI.cpp.o -sys-header-deps -D ANDROID -D _FORTIFY_SOURCE=2 -isysroot /Users/marufahmed/Library/Android/sdk/ndk/28.0.12433566/toolchains/llvm/prebuilt/darwin-x86_64/sysroot -internal-isystem /Users/marufahmed/Library/Android/sdk/ndk/28.0.12433566/toolchains/llvm/prebuilt/darwin-x86_64/sysroot/usr/include/c++/v1 -internal-isystem /Users/marufahmed/Library/Android/sdk/ndk/28.0.12433566/toolchains/llvm/prebuilt/darwin-x86_64/lib/clang/19/include -internal-isystem /Users/marufahmed/Library/Android/sdk/ndk/28.0.12433566/toolchains/llvm/prebuilt/darwin-x86_64/sysroot/usr/local/include -internal-externc-isystem /Users/marufahmed/Library/Android/sdk/ndk/28.0.12433566/toolchains/llvm/prebuilt/darwin-x86_64/sysroot/usr/include/aarch64-linux-android -internal-externc-isystem /Users/marufahmed/Library/Android/sdk/ndk/28.0.12433566/toolchains/llvm/prebuilt/darwin-x86_64/sysroot/include -internal-externc-isystem /Users/marufahmed/Library/Android/sdk/ndk/28.0.12433566/toolchains/llvm/prebuilt/darwin-x86_64/sysroot/usr/include -Wformat -fdeprecated-macro -ferror-limit 19 -femulated-tls -stack-protector 2 -fno-signed-char -fgnuc-version=4.2.1 -fskip-odr-check-in-gmf -fcxx-exceptions -fexceptions -target-feature +outline-atomics -D__GCC_HAVE_DWARF2_CFI_ASM=1 -o CMakeFiles/cmTC_c55e0.dir/CMakeCXXCompilerABI.cpp.o -x c++ /Users/marufahmed/Library/Android/sdk/cmake/3.22.1/share/cmake-3.22/Modules/CMakeCXXCompilerABI.cpp]
  ignore line: [clang -cc1 version 19.0.0 based upon LLVM 19.0.0 default target x86_64-apple-darwin24.0.0]
  ignore line: [ignoring nonexistent directory "/Users/marufahmed/Library/Android/sdk/ndk/28.0.12433566/toolchains/llvm/prebuilt/darwin-x86_64/sysroot/usr/local/include"]
  ignore line: [ignoring nonexistent directory "/Users/marufahmed/Library/Android/sdk/ndk/28.0.12433566/toolchains/llvm/prebuilt/darwin-x86_64/sysroot/include"]
  ignore line: [#include "..." search starts here:]
  ignore line: [#include <...> search starts here:]
  ignore line: [ /Users/marufahmed/Library/Android/sdk/ndk/28.0.12433566/toolchains/llvm/prebuilt/darwin-x86_64/sysroot/usr/include/c++/v1]
  ignore line: [ /Users/marufahmed/Library/Android/sdk/ndk/28.0.12433566/toolchains/llvm/prebuilt/darwin-x86_64/lib/clang/19/include]
  ignore line: [ /Users/marufahmed/Library/Android/sdk/ndk/28.0.12433566/toolchains/llvm/prebuilt/darwin-x86_64/sysroot/usr/include/aarch64-linux-android]
  ignore line: [ /Users/marufahmed/Library/Android/sdk/ndk/28.0.12433566/toolchains/llvm/prebuilt/darwin-x86_64/sysroot/usr/include]
  ignore line: [End of search list.]
  ignore line: [[2/2] Linking CXX executable cmTC_c55e0]
  ignore line: [Android (12328485  +pgo  -bolt  +lto  -mlgo  based on r530567) clang version 19.0.0 (https://android.googlesource.com/toolchain/llvm-project 97a699bf4812a18fb657c2779f5296a4ab2694d2)]
  ignore line: [Target: aarch64-none-linux-android24]
  ignore line: [Thread model: posix]
  ignore line: [InstalledDir: /Users/marufahmed/Library/Android/sdk/ndk/28.0.12433566/toolchains/llvm/prebuilt/darwin-x86_64/bin]
  link line: [ "/Users/marufahmed/Library/Android/sdk/ndk/28.0.12433566/toolchains/llvm/prebuilt/darwin-x86_64/bin/ld.lld" --sysroot=/Users/marufahmed/Library/Android/sdk/ndk/28.0.12433566/toolchains/llvm/prebuilt/darwin-x86_64/sysroot -EL --fix-cortex-a53-843419 -z now -z relro -z max-page-size=16384 --hash-style=gnu --eh-frame-hdr -m aarch64linux -pie -dynamic-linker /system/bin/linker64 -o cmTC_c55e0 /Users/marufahmed/Library/Android/sdk/ndk/28.0.12433566/toolchains/llvm/prebuilt/darwin-x86_64/sysroot/usr/lib/aarch64-linux-android/24/crtbegin_dynamic.o -L/Users/marufahmed/Library/Android/sdk/ndk/28.0.12433566/toolchains/llvm/prebuilt/darwin-x86_64/lib/clang/19/lib/linux/aarch64 -L/Users/marufahmed/Library/Android/sdk/ndk/28.0.12433566/toolchains/llvm/prebuilt/darwin-x86_64/sysroot/usr/lib/aarch64-linux-android/24 -L/Users/marufahmed/Library/Android/sdk/ndk/28.0.12433566/toolchains/llvm/prebuilt/darwin-x86_64/sysroot/usr/lib/aarch64-linux-android -L/Users/marufahmed/Library/Android/sdk/ndk/28.0.12433566/toolchains/llvm/prebuilt/darwin-x86_64/sysroot/usr/lib --build-id=sha1 --no-rosegment --no-undefined-version --fatal-warnings --no-undefined CMakeFiles/cmTC_c55e0.dir/CMakeCXXCompilerABI.cpp.o -Bstatic -lc++ -Bdynamic -lm /Users/marufahmed/Library/Android/sdk/ndk/28.0.12433566/toolchains/llvm/prebuilt/darwin-x86_64/lib/clang/19/lib/linux/libclang_rt.builtins-aarch64-android.a -l:libunwind.a -ldl -lc /Users/marufahmed/Library/Android/sdk/ndk/28.0.12433566/toolchains/llvm/prebuilt/darwin-x86_64/lib/clang/19/lib/linux/libclang_rt.builtins-aarch64-android.a -l:libunwind.a -ldl /Users/marufahmed/Library/Android/sdk/ndk/28.0.12433566/toolchains/llvm/prebuilt/darwin-x86_64/sysroot/usr/lib/aarch64-linux-android/24/crtend_android.o]
    arg [/Users/marufahmed/Library/Android/sdk/ndk/28.0.12433566/toolchains/llvm/prebuilt/darwin-x86_64/bin/ld.lld] ==> ignore
    arg [--sysroot=/Users/marufahmed/Library/Android/sdk/ndk/28.0.12433566/toolchains/llvm/prebuilt/darwin-x86_64/sysroot] ==> ignore
    arg [-EL] ==> ignore
    arg [--fix-cortex-a53-843419] ==> ignore
    arg [-znow] ==> ignore
    arg [-zrelro] ==> ignore
    arg [-zmax-page-size=16384] ==> ignore
    arg [--hash-style=gnu] ==> ignore
    arg [--eh-frame-hdr] ==> ignore
    arg [-m] ==> ignore
    arg [aarch64linux] ==> ignore
    arg [-pie] ==> ignore
    arg [-dynamic-linker] ==> ignore
    arg [/system/bin/linker64] ==> ignore
    arg [-o] ==> ignore
    arg [cmTC_c55e0] ==> ignore
    arg [/Users/marufahmed/Library/Android/sdk/ndk/28.0.12433566/toolchains/llvm/prebuilt/darwin-x86_64/sysroot/usr/lib/aarch64-linux-android/24/crtbegin_dynamic.o] ==> obj [/Users/marufahmed/Library/Android/sdk/ndk/28.0.12433566/toolchains/llvm/prebuilt/darwin-x86_64/sysroot/usr/lib/aarch64-linux-android/24/crtbegin_dynamic.o]
    arg [-L/Users/marufahmed/Library/Android/sdk/ndk/28.0.12433566/toolchains/llvm/prebuilt/darwin-x86_64/lib/clang/19/lib/linux/aarch64] ==> dir [/Users/marufahmed/Library/Android/sdk/ndk/28.0.12433566/toolchains/llvm/prebuilt/darwin-x86_64/lib/clang/19/lib/linux/aarch64]
    arg [-L/Users/marufahmed/Library/Android/sdk/ndk/28.0.12433566/toolchains/llvm/prebuilt/darwin-x86_64/sysroot/usr/lib/aarch64-linux-android/24] ==> dir [/Users/marufahmed/Library/Android/sdk/ndk/28.0.12433566/toolchains/llvm/prebuilt/darwin-x86_64/sysroot/usr/lib/aarch64-linux-android/24]
    arg [-L/Users/marufahmed/Library/Android/sdk/ndk/28.0.12433566/toolchains/llvm/prebuilt/darwin-x86_64/sysroot/usr/lib/aarch64-linux-android] ==> dir [/Users/marufahmed/Library/Android/sdk/ndk/28.0.12433566/toolchains/llvm/prebuilt/darwin-x86_64/sysroot/usr/lib/aarch64-linux-android]
    arg [-L/Users/marufahmed/Library/Android/sdk/ndk/28.0.12433566/toolchains/llvm/prebuilt/darwin-x86_64/sysroot/usr/lib] ==> dir [/Users/marufahmed/Library/Android/sdk/ndk/28.0.12433566/toolchains/llvm/prebuilt/darwin-x86_64/sysroot/usr/lib]
    arg [--build-id=sha1] ==> ignore
    arg [--no-rosegment] ==> ignore
    arg [--no-undefined-version] ==> ignore
    arg [--fatal-warnings] ==> ignore
    arg [--no-undefined] ==> ignore
    arg [CMakeFiles/cmTC_c55e0.dir/CMakeCXXCompilerABI.cpp.o] ==> ignore
    arg [-Bstatic] ==> search static
    arg [-lc++] ==> lib [c++]
    arg [-Bdynamic] ==> search dynamic
    arg [-lm] ==> lib [m]
    arg [/Users/marufahmed/Library/Android/sdk/ndk/28.0.12433566/toolchains/llvm/prebuilt/darwin-x86_64/lib/clang/19/lib/linux/libclang_rt.builtins-aarch64-android.a] ==> lib [/Users/marufahmed/Library/Android/sdk/ndk/28.0.12433566/toolchains/llvm/prebuilt/darwin-x86_64/lib/clang/19/lib/linux/libclang_rt.builtins-aarch64-android.a]
    arg [-l:libunwind.a] ==> lib [-l:libunwind.a]
    arg [-ldl] ==> lib [dl]
    arg [-lc] ==> lib [c]
    arg [/Users/marufahmed/Library/Android/sdk/ndk/28.0.12433566/toolchains/llvm/prebuilt/darwin-x86_64/lib/clang/19/lib/linux/libclang_rt.builtins-aarch64-android.a] ==> lib [/Users/marufahmed/Library/Android/sdk/ndk/28.0.12433566/toolchains/llvm/prebuilt/darwin-x86_64/lib/clang/19/lib/linux/libclang_rt.builtins-aarch64-android.a]
    arg [-l:libunwind.a] ==> lib [-l:libunwind.a]
    arg [-ldl] ==> lib [dl]
    arg [/Users/marufahmed/Library/Android/sdk/ndk/28.0.12433566/toolchains/llvm/prebuilt/darwin-x86_64/sysroot/usr/lib/aarch64-linux-android/24/crtend_android.o] ==> obj [/Users/marufahmed/Library/Android/sdk/ndk/28.0.12433566/toolchains/llvm/prebuilt/darwin-x86_64/sysroot/usr/lib/aarch64-linux-android/24/crtend_android.o]
  remove lib [/Users/marufahmed/Library/Android/sdk/ndk/28.0.12433566/toolchains/llvm/prebuilt/darwin-x86_64/lib/clang/19/lib/linux/libclang_rt.builtins-aarch64-android.a]
  remove lib [/Users/marufahmed/Library/Android/sdk/ndk/28.0.12433566/toolchains/llvm/prebuilt/darwin-x86_64/lib/clang/19/lib/linux/libclang_rt.builtins-aarch64-android.a]
  collapse library dir [/Users/marufahmed/Library/Android/sdk/ndk/28.0.12433566/toolchains/llvm/prebuilt/darwin-x86_64/lib/clang/19/lib/linux/aarch64] ==> [/Users/marufahmed/Library/Android/sdk/ndk/28.0.12433566/toolchains/llvm/prebuilt/darwin-x86_64/lib/clang/19/lib/linux/aarch64]
  collapse library dir [/Users/marufahmed/Library/Android/sdk/ndk/28.0.12433566/toolchains/llvm/prebuilt/darwin-x86_64/sysroot/usr/lib/aarch64-linux-android/24] ==> [/Users/marufahmed/Library/Android/sdk/ndk/28.0.12433566/toolchains/llvm/prebuilt/darwin-x86_64/sysroot/usr/lib/aarch64-linux-android/24]
  collapse library dir [/Users/marufahmed/Library/Android/sdk/ndk/28.0.12433566/toolchains/llvm/prebuilt/darwin-x86_64/sysroot/usr/lib/aarch64-linux-android] ==> [/Users/marufahmed/Library/Android/sdk/ndk/28.0.12433566/toolchains/llvm/prebuilt/darwin-x86_64/sysroot/usr/lib/aarch64-linux-android]
  collapse library dir [/Users/marufahmed/Library/Android/sdk/ndk/28.0.12433566/toolchains/llvm/prebuilt/darwin-x86_64/sysroot/usr/lib] ==> [/Users/marufahmed/Library/Android/sdk/ndk/28.0.12433566/toolchains/llvm/prebuilt/darwin-x86_64/sysroot/usr/lib]
  implicit libs: [c++;m;-l:libunwind.a;dl;c;-l:libunwind.a;dl]
  implicit objs: [/Users/marufahmed/Library/Android/sdk/ndk/28.0.12433566/toolchains/llvm/prebuilt/darwin-x86_64/sysroot/usr/lib/aarch64-linux-android/24/crtbegin_dynamic.o;/Users/marufahmed/Library/Android/sdk/ndk/28.0.12433566/toolchains/llvm/prebuilt/darwin-x86_64/sysroot/usr/lib/aarch64-linux-android/24/crtend_android.o]
  implicit dirs: [/Users/marufahmed/Library/Android/sdk/ndk/28.0.12433566/toolchains/llvm/prebuilt/darwin-x86_64/lib/clang/19/lib/linux/aarch64;/Users/marufahmed/Library/Android/sdk/ndk/28.0.12433566/toolchains/llvm/prebuilt/darwin-x86_64/sysroot/usr/lib/aarch64-linux-android/24;/Users/marufahmed/Library/Android/sdk/ndk/28.0.12433566/toolchains/llvm/prebuilt/darwin-x86_64/sysroot/usr/lib/aarch64-linux-android;/Users/marufahmed/Library/Android/sdk/ndk/28.0.12433566/toolchains/llvm/prebuilt/darwin-x86_64/sysroot/usr/lib]
  implicit fwks: []


Detecting C OpenMP compiler ABI info compiled with the following output:
Change Dir: /Users/marufahmed/Work/codes/ncnn_paddleocr/app/.cxx/Debug/6p4p4qd1/arm64-v8a/CMakeFiles/CMakeTmp

Run Build Command(s):/Users/marufahmed/Library/Android/sdk/cmake/3.22.1/bin/ninja cmTC_47fa5 && [1/2] Building C object CMakeFiles/cmTC_47fa5.dir/OpenMPTryFlag.c.o
Android (12328485, +pgo, -bolt, +lto, -mlgo, based on r530567) clang version 19.0.0 (https://android.googlesource.com/toolchain/llvm-project 97a699bf4812a18fb657c2779f5296a4ab2694d2)
Target: aarch64-none-linux-android24
Thread model: posix
InstalledDir: /Users/marufahmed/Library/Android/sdk/ndk/28.0.12433566/toolchains/llvm/prebuilt/darwin-x86_64/bin
 (in-process)
 "/Users/marufahmed/Library/Android/sdk/ndk/28.0.12433566/toolchains/llvm/prebuilt/darwin-x86_64/bin/clang" -cc1 -triple aarch64-none-linux-android24 -emit-obj -mrelax-all -disable-free -clear-ast-before-backend -disable-llvm-verifier -discard-value-names -main-file-name OpenMPTryFlag.c -mrelocation-model pic -pic-level 2 -pic-is-pie -mframe-pointer=non-leaf -ffp-contract=on -fno-rounding-math -mconstructor-aliases -funwind-tables=2 -target-cpu generic -target-feature +v8a -target-feature +fp-armv8 -target-feature +neon -target-feature +fix-cortex-a53-835769 -target-abi aapcs -debug-info-kind=constructor -dwarf-version=4 -debugger-tuning=gdb -fdebug-compilation-dir=/Users/marufahmed/Work/codes/ncnn_paddleocr/app/.cxx/Debug/6p4p4qd1/arm64-v8a/CMakeFiles/CMakeTmp -v -ffunction-sections -fdata-sections -fcoverage-compilation-dir=/Users/marufahmed/Work/codes/ncnn_paddleocr/app/.cxx/Debug/6p4p4qd1/arm64-v8a/CMakeFiles/CMakeTmp -resource-dir /Users/marufahmed/Library/Android/sdk/ndk/28.0.12433566/toolchains/llvm/prebuilt/darwin-x86_64/lib/clang/19 -dependency-file CMakeFiles/cmTC_47fa5.dir/OpenMPTryFlag.c.o.d -MT CMakeFiles/cmTC_47fa5.dir/OpenMPTryFlag.c.o -sys-header-deps -D ANDROID -D _FORTIFY_SOURCE=2 -isysroot /Users/marufahmed/Library/Android/sdk/ndk/28.0.12433566/toolchains/llvm/prebuilt/darwin-x86_64/sysroot -internal-isystem /Users/marufahmed/Library/Android/sdk/ndk/28.0.12433566/toolchains/llvm/prebuilt/darwin-x86_64/lib/clang/19/include -internal-isystem /Users/marufahmed/Library/Android/sdk/ndk/28.0.12433566/toolchains/llvm/prebuilt/darwin-x86_64/sysroot/usr/local/include -internal-externc-isystem /Users/marufahmed/Library/Android/sdk/ndk/28.0.12433566/toolchains/llvm/prebuilt/darwin-x86_64/sysroot/usr/include/aarch64-linux-android -internal-externc-isystem /Users/marufahmed/Library/Android/sdk/ndk/28.0.12433566/toolchains/llvm/prebuilt/darwin-x86_64/sysroot/include -internal-externc-isystem /Users/marufahmed/Library/Android/sdk/ndk/28.0.12433566/toolchains/llvm/prebuilt/darwin-x86_64/sysroot/usr/include -Wformat -Werror=format-security -ferror-limit 19 -femulated-tls -fopenmp -stack-protector 2 -fno-signed-char -fgnuc-version=4.2.1 -fskip-odr-check-in-gmf -target-feature +outline-atomics -D__GCC_HAVE_DWARF2_CFI_ASM=1 -o CMakeFiles/cmTC_47fa5.dir/OpenMPTryFlag.c.o -x c /Users/marufahmed/Work/codes/ncnn_paddleocr/app/.cxx/Debug/6p4p4qd1/arm64-v8a/CMakeFiles/FindOpenMP/OpenMPTryFlag.c
clang -cc1 version 19.0.0 based upon LLVM 19.0.0 default target x86_64-apple-darwin24.0.0
ignoring nonexistent directory "/Users/marufahmed/Library/Android/sdk/ndk/28.0.12433566/toolchains/llvm/prebuilt/darwin-x86_64/sysroot/usr/local/include"
ignoring nonexistent directory "/Users/marufahmed/Library/Android/sdk/ndk/28.0.12433566/toolchains/llvm/prebuilt/darwin-x86_64/sysroot/include"
#include "..." search starts here:
#include <...> search starts here:
 /Users/marufahmed/Library/Android/sdk/ndk/28.0.12433566/toolchains/llvm/prebuilt/darwin-x86_64/lib/clang/19/include
 /Users/marufahmed/Library/Android/sdk/ndk/28.0.12433566/toolchains/llvm/prebuilt/darwin-x86_64/sysroot/usr/include/aarch64-linux-android
 /Users/marufahmed/Library/Android/sdk/ndk/28.0.12433566/toolchains/llvm/prebuilt/darwin-x86_64/sysroot/usr/include
End of search list.
[2/2] Linking C executable cmTC_47fa5
Android (12328485, +pgo, -bolt, +lto, -mlgo, based on r530567) clang version 19.0.0 (https://android.googlesource.com/toolchain/llvm-project 97a699bf4812a18fb657c2779f5296a4ab2694d2)
Target: aarch64-none-linux-android24
Thread model: posix
InstalledDir: /Users/marufahmed/Library/Android/sdk/ndk/28.0.12433566/toolchains/llvm/prebuilt/darwin-x86_64/bin
 "/Users/marufahmed/Library/Android/sdk/ndk/28.0.12433566/toolchains/llvm/prebuilt/darwin-x86_64/bin/ld.lld" --sysroot=/Users/marufahmed/Library/Android/sdk/ndk/28.0.12433566/toolchains/llvm/prebuilt/darwin-x86_64/sysroot -EL --fix-cortex-a53-843419 -z now -z relro -z max-page-size=16384 --hash-style=gnu --eh-frame-hdr -m aarch64linux -pie -dynamic-linker /system/bin/linker64 -o cmTC_47fa5 /Users/marufahmed/Library/Android/sdk/ndk/28.0.12433566/toolchains/llvm/prebuilt/darwin-x86_64/sysroot/usr/lib/aarch64-linux-android/24/crtbegin_dynamic.o -L/Users/marufahmed/Library/Android/sdk/ndk/28.0.12433566/toolchains/llvm/prebuilt/darwin-x86_64/lib/clang/19/lib/linux/aarch64 -L/Users/marufahmed/Library/Android/sdk/ndk/28.0.12433566/toolchains/llvm/prebuilt/darwin-x86_64/sysroot/usr/lib/aarch64-linux-android/24 -L/Users/marufahmed/Library/Android/sdk/ndk/28.0.12433566/toolchains/llvm/prebuilt/darwin-x86_64/sysroot/usr/lib/aarch64-linux-android -L/Users/marufahmed/Library/Android/sdk/ndk/28.0.12433566/toolchains/llvm/prebuilt/darwin-x86_64/sysroot/usr/lib --build-id=sha1 --no-rosegment --no-undefined-version --fatal-warnings --no-undefined CMakeFiles/cmTC_47fa5.dir/OpenMPTryFlag.c.o -latomic -lm -lomp -L/Users/marufahmed/Library/Android/sdk/ndk/28.0.12433566/toolchains/llvm/prebuilt/darwin-x86_64/lib /Users/marufahmed/Library/Android/sdk/ndk/28.0.12433566/toolchains/llvm/prebuilt/darwin-x86_64/lib/clang/19/lib/linux/libclang_rt.builtins-aarch64-android.a -l:libunwind.a -ldl -lc /Users/marufahmed/Library/Android/sdk/ndk/28.0.12433566/toolchains/llvm/prebuilt/darwin-x86_64/lib/clang/19/lib/linux/libclang_rt.builtins-aarch64-android.a -l:libunwind.a -ldl /Users/marufahmed/Library/Android/sdk/ndk/28.0.12433566/toolchains/llvm/prebuilt/darwin-x86_64/sysroot/usr/lib/aarch64-linux-android/24/crtend_android.o



Parsed C OpenMP implicit link information from above output:
  link line regex: [^( *|.*[/\])(ld\.lld|CMAKE_LINK_STARTFILE-NOTFOUND|([^/\]+-)?ld|collect2)[^/\]*( |$)]
  ignore line: [Change Dir: /Users/marufahmed/Work/codes/ncnn_paddleocr/app/.cxx/Debug/6p4p4qd1/arm64-v8a/CMakeFiles/CMakeTmp]
  ignore line: []
  ignore line: [Run Build Command(s):/Users/marufahmed/Library/Android/sdk/cmake/3.22.1/bin/ninja cmTC_47fa5 && [1/2] Building C object CMakeFiles/cmTC_47fa5.dir/OpenMPTryFlag.c.o]
  ignore line: [Android (12328485  +pgo  -bolt  +lto  -mlgo  based on r530567) clang version 19.0.0 (https://android.googlesource.com/toolchain/llvm-project 97a699bf4812a18fb657c2779f5296a4ab2694d2)]
  ignore line: [Target: aarch64-none-linux-android24]
  ignore line: [Thread model: posix]
  ignore line: [InstalledDir: /Users/marufahmed/Library/Android/sdk/ndk/28.0.12433566/toolchains/llvm/prebuilt/darwin-x86_64/bin]
  ignore line: [ (in-process)]
  ignore line: [ "/Users/marufahmed/Library/Android/sdk/ndk/28.0.12433566/toolchains/llvm/prebuilt/darwin-x86_64/bin/clang" -cc1 -triple aarch64-none-linux-android24 -emit-obj -mrelax-all -disable-free -clear-ast-before-backend -disable-llvm-verifier -discard-value-names -main-file-name OpenMPTryFlag.c -mrelocation-model pic -pic-level 2 -pic-is-pie -mframe-pointer=non-leaf -ffp-contract=on -fno-rounding-math -mconstructor-aliases -funwind-tables=2 -target-cpu generic -target-feature +v8a -target-feature +fp-armv8 -target-feature +neon -target-feature +fix-cortex-a53-835769 -target-abi aapcs -debug-info-kind=constructor -dwarf-version=4 -debugger-tuning=gdb -fdebug-compilation-dir=/Users/marufahmed/Work/codes/ncnn_paddleocr/app/.cxx/Debug/6p4p4qd1/arm64-v8a/CMakeFiles/CMakeTmp -v -ffunction-sections -fdata-sections -fcoverage-compilation-dir=/Users/marufahmed/Work/codes/ncnn_paddleocr/app/.cxx/Debug/6p4p4qd1/arm64-v8a/CMakeFiles/CMakeTmp -resource-dir /Users/marufahmed/Library/Android/sdk/ndk/28.0.12433566/toolchains/llvm/prebuilt/darwin-x86_64/lib/clang/19 -dependency-file CMakeFiles/cmTC_47fa5.dir/OpenMPTryFlag.c.o.d -MT CMakeFiles/cmTC_47fa5.dir/OpenMPTryFlag.c.o -sys-header-deps -D ANDROID -D _FORTIFY_SOURCE=2 -isysroot /Users/marufahmed/Library/Android/sdk/ndk/28.0.12433566/toolchains/llvm/prebuilt/darwin-x86_64/sysroot -internal-isystem /Users/marufahmed/Library/Android/sdk/ndk/28.0.12433566/toolchains/llvm/prebuilt/darwin-x86_64/lib/clang/19/include -internal-isystem /Users/marufahmed/Library/Android/sdk/ndk/28.0.12433566/toolchains/llvm/prebuilt/darwin-x86_64/sysroot/usr/local/include -internal-externc-isystem /Users/marufahmed/Library/Android/sdk/ndk/28.0.12433566/toolchains/llvm/prebuilt/darwin-x86_64/sysroot/usr/include/aarch64-linux-android -internal-externc-isystem /Users/marufahmed/Library/Android/sdk/ndk/28.0.12433566/toolchains/llvm/prebuilt/darwin-x86_64/sysroot/include -internal-externc-isystem /Users/marufahmed/Library/Android/sdk/ndk/28.0.12433566/toolchains/llvm/prebuilt/darwin-x86_64/sysroot/usr/include -Wformat -Werror=format-security -ferror-limit 19 -femulated-tls -fopenmp -stack-protector 2 -fno-signed-char -fgnuc-version=4.2.1 -fskip-odr-check-in-gmf -target-feature +outline-atomics -D__GCC_HAVE_DWARF2_CFI_ASM=1 -o CMakeFiles/cmTC_47fa5.dir/OpenMPTryFlag.c.o -x c /Users/marufahmed/Work/codes/ncnn_paddleocr/app/.cxx/Debug/6p4p4qd1/arm64-v8a/CMakeFiles/FindOpenMP/OpenMPTryFlag.c]
  ignore line: [clang -cc1 version 19.0.0 based upon LLVM 19.0.0 default target x86_64-apple-darwin24.0.0]
  ignore line: [ignoring nonexistent directory "/Users/marufahmed/Library/Android/sdk/ndk/28.0.12433566/toolchains/llvm/prebuilt/darwin-x86_64/sysroot/usr/local/include"]
  ignore line: [ignoring nonexistent directory "/Users/marufahmed/Library/Android/sdk/ndk/28.0.12433566/toolchains/llvm/prebuilt/darwin-x86_64/sysroot/include"]
  ignore line: [#include "..." search starts here:]
  ignore line: [#include <...> search starts here:]
  ignore line: [ /Users/marufahmed/Library/Android/sdk/ndk/28.0.12433566/toolchains/llvm/prebuilt/darwin-x86_64/lib/clang/19/include]
  ignore line: [ /Users/marufahmed/Library/Android/sdk/ndk/28.0.12433566/toolchains/llvm/prebuilt/darwin-x86_64/sysroot/usr/include/aarch64-linux-android]
  ignore line: [ /Users/marufahmed/Library/Android/sdk/ndk/28.0.12433566/toolchains/llvm/prebuilt/darwin-x86_64/sysroot/usr/include]
  ignore line: [End of search list.]
  ignore line: [[2/2] Linking C executable cmTC_47fa5]
  ignore line: [Android (12328485  +pgo  -bolt  +lto  -mlgo  based on r530567) clang version 19.0.0 (https://android.googlesource.com/toolchain/llvm-project 97a699bf4812a18fb657c2779f5296a4ab2694d2)]
  ignore line: [Target: aarch64-none-linux-android24]
  ignore line: [Thread model: posix]
  ignore line: [InstalledDir: /Users/marufahmed/Library/Android/sdk/ndk/28.0.12433566/toolchains/llvm/prebuilt/darwin-x86_64/bin]
  link line: [ "/Users/marufahmed/Library/Android/sdk/ndk/28.0.12433566/toolchains/llvm/prebuilt/darwin-x86_64/bin/ld.lld" --sysroot=/Users/marufahmed/Library/Android/sdk/ndk/28.0.12433566/toolchains/llvm/prebuilt/darwin-x86_64/sysroot -EL --fix-cortex-a53-843419 -z now -z relro -z max-page-size=16384 --hash-style=gnu --eh-frame-hdr -m aarch64linux -pie -dynamic-linker /system/bin/linker64 -o cmTC_47fa5 /Users/marufahmed/Library/Android/sdk/ndk/28.0.12433566/toolchains/llvm/prebuilt/darwin-x86_64/sysroot/usr/lib/aarch64-linux-android/24/crtbegin_dynamic.o -L/Users/marufahmed/Library/Android/sdk/ndk/28.0.12433566/toolchains/llvm/prebuilt/darwin-x86_64/lib/clang/19/lib/linux/aarch64 -L/Users/marufahmed/Library/Android/sdk/ndk/28.0.12433566/toolchains/llvm/prebuilt/darwin-x86_64/sysroot/usr/lib/aarch64-linux-android/24 -L/Users/marufahmed/Library/Android/sdk/ndk/28.0.12433566/toolchains/llvm/prebuilt/darwin-x86_64/sysroot/usr/lib/aarch64-linux-android -L/Users/marufahmed/Library/Android/sdk/ndk/28.0.12433566/toolchains/llvm/prebuilt/darwin-x86_64/sysroot/usr/lib --build-id=sha1 --no-rosegment --no-undefined-version --fatal-warnings --no-undefined CMakeFiles/cmTC_47fa5.dir/OpenMPTryFlag.c.o -latomic -lm -lomp -L/Users/marufahmed/Library/Android/sdk/ndk/28.0.12433566/toolchains/llvm/prebuilt/darwin-x86_64/lib /Users/marufahmed/Library/Android/sdk/ndk/28.0.12433566/toolchains/llvm/prebuilt/darwin-x86_64/lib/clang/19/lib/linux/libclang_rt.builtins-aarch64-android.a -l:libunwind.a -ldl -lc /Users/marufahmed/Library/Android/sdk/ndk/28.0.12433566/toolchains/llvm/prebuilt/darwin-x86_64/lib/clang/19/lib/linux/libclang_rt.builtins-aarch64-android.a -l:libunwind.a -ldl /Users/marufahmed/Library/Android/sdk/ndk/28.0.12433566/toolchains/llvm/prebuilt/darwin-x86_64/sysroot/usr/lib/aarch64-linux-android/24/crtend_android.o]
    arg [/Users/marufahmed/Library/Android/sdk/ndk/28.0.12433566/toolchains/llvm/prebuilt/darwin-x86_64/bin/ld.lld] ==> ignore
    arg [--sysroot=/Users/marufahmed/Library/Android/sdk/ndk/28.0.12433566/toolchains/llvm/prebuilt/darwin-x86_64/sysroot] ==> ignore
    arg [-EL] ==> ignore
    arg [--fix-cortex-a53-843419] ==> ignore
    arg [-znow] ==> ignore
    arg [-zrelro] ==> ignore
    arg [-zmax-page-size=16384] ==> ignore
    arg [--hash-style=gnu] ==> ignore
    arg [--eh-frame-hdr] ==> ignore
    arg [-m] ==> ignore
    arg [aarch64linux] ==> ignore
    arg [-pie] ==> ignore
    arg [-dynamic-linker] ==> ignore
    arg [/system/bin/linker64] ==> ignore
    arg [-o] ==> ignore
    arg [cmTC_47fa5] ==> ignore
    arg [-L/Users/marufahmed/Library/Android/sdk/ndk/28.0.12433566/toolchains/llvm/prebuilt/darwin-x86_64/lib/clang/19/lib/linux/aarch64] ==> dir [/Users/marufahmed/Library/Android/sdk/ndk/28.0.12433566/toolchains/llvm/prebuilt/darwin-x86_64/lib/clang/19/lib/linux/aarch64]
    arg [-L/Users/marufahmed/Library/Android/sdk/ndk/28.0.12433566/toolchains/llvm/prebuilt/darwin-x86_64/sysroot/usr/lib/aarch64-linux-android/24] ==> dir [/Users/marufahmed/Library/Android/sdk/ndk/28.0.12433566/toolchains/llvm/prebuilt/darwin-x86_64/sysroot/usr/lib/aarch64-linux-android/24]
    arg [-L/Users/marufahmed/Library/Android/sdk/ndk/28.0.12433566/toolchains/llvm/prebuilt/darwin-x86_64/sysroot/usr/lib/aarch64-linux-android] ==> dir [/Users/marufahmed/Library/Android/sdk/ndk/28.0.12433566/toolchains/llvm/prebuilt/darwin-x86_64/sysroot/usr/lib/aarch64-linux-android]
    arg [-L/Users/marufahmed/Library/Android/sdk/ndk/28.0.12433566/toolchains/llvm/prebuilt/darwin-x86_64/sysroot/usr/lib] ==> dir [/Users/marufahmed/Library/Android/sdk/ndk/28.0.12433566/toolchains/llvm/prebuilt/darwin-x86_64/sysroot/usr/lib]
    arg [--build-id=sha1] ==> ignore
    arg [--no-rosegment] ==> ignore
    arg [--no-undefined-version] ==> ignore
    arg [--fatal-warnings] ==> ignore
    arg [--no-undefined] ==> ignore
    arg [CMakeFiles/cmTC_47fa5.dir/OpenMPTryFlag.c.o] ==> ignore
    arg [-latomic] ==> lib [atomic]
    arg [-lm] ==> lib [m]
    arg [-lomp] ==> lib [omp]
    arg [-L/Users/marufahmed/Library/Android/sdk/ndk/28.0.12433566/toolchains/llvm/prebuilt/darwin-x86_64/lib] ==> dir [/Users/marufahmed/Library/Android/sdk/ndk/28.0.12433566/toolchains/llvm/prebuilt/darwin-x86_64/lib]
    arg [/Users/marufahmed/Library/Android/sdk/ndk/28.0.12433566/toolchains/llvm/prebuilt/darwin-x86_64/lib/clang/19/lib/linux/libclang_rt.builtins-aarch64-android.a] ==> lib [/Users/marufahmed/Library/Android/sdk/ndk/28.0.12433566/toolchains/llvm/prebuilt/darwin-x86_64/lib/clang/19/lib/linux/libclang_rt.builtins-aarch64-android.a]
    arg [-l:libunwind.a] ==> lib [-l:libunwind.a]
    arg [-ldl] ==> lib [dl]
    arg [-lc] ==> lib [c]
    arg [/Users/marufahmed/Library/Android/sdk/ndk/28.0.12433566/toolchains/llvm/prebuilt/darwin-x86_64/lib/clang/19/lib/linux/libclang_rt.builtins-aarch64-android.a] ==> lib [/Users/marufahmed/Library/Android/sdk/ndk/28.0.12433566/toolchains/llvm/prebuilt/darwin-x86_64/lib/clang/19/lib/linux/libclang_rt.builtins-aarch64-android.a]
    arg [-l:libunwind.a] ==> lib [-l:libunwind.a]
    arg [-ldl] ==> lib [dl]
  remove lib [/Users/marufahmed/Library/Android/sdk/ndk/28.0.12433566/toolchains/llvm/prebuilt/darwin-x86_64/lib/clang/19/lib/linux/libclang_rt.builtins-aarch64-android.a]
  remove lib [/Users/marufahmed/Library/Android/sdk/ndk/28.0.12433566/toolchains/llvm/prebuilt/darwin-x86_64/lib/clang/19/lib/linux/libclang_rt.builtins-aarch64-android.a]
  collapse library dir [/Users/marufahmed/Library/Android/sdk/ndk/28.0.12433566/toolchains/llvm/prebuilt/darwin-x86_64/lib/clang/19/lib/linux/aarch64] ==> [/Users/marufahmed/Library/Android/sdk/ndk/28.0.12433566/toolchains/llvm/prebuilt/darwin-x86_64/lib/clang/19/lib/linux/aarch64]
  collapse library dir [/Users/marufahmed/Library/Android/sdk/ndk/28.0.12433566/toolchains/llvm/prebuilt/darwin-x86_64/sysroot/usr/lib/aarch64-linux-android/24] ==> [/Users/marufahmed/Library/Android/sdk/ndk/28.0.12433566/toolchains/llvm/prebuilt/darwin-x86_64/sysroot/usr/lib/aarch64-linux-android/24]
  collapse library dir [/Users/marufahmed/Library/Android/sdk/ndk/28.0.12433566/toolchains/llvm/prebuilt/darwin-x86_64/sysroot/usr/lib/aarch64-linux-android] ==> [/Users/marufahmed/Library/Android/sdk/ndk/28.0.12433566/toolchains/llvm/prebuilt/darwin-x86_64/sysroot/usr/lib/aarch64-linux-android]
  collapse library dir [/Users/marufahmed/Library/Android/sdk/ndk/28.0.12433566/toolchains/llvm/prebuilt/darwin-x86_64/sysroot/usr/lib] ==> [/Users/marufahmed/Library/Android/sdk/ndk/28.0.12433566/toolchains/llvm/prebuilt/darwin-x86_64/sysroot/usr/lib]
  collapse library dir [/Users/marufahmed/Library/Android/sdk/ndk/28.0.12433566/toolchains/llvm/prebuilt/darwin-x86_64/lib] ==> [/Users/marufahmed/Library/Android/sdk/ndk/28.0.12433566/toolchains/llvm/prebuilt/darwin-x86_64/lib]
  implicit libs: [atomic;m;omp;-l:libunwind.a;dl;c;-l:libunwind.a;dl]
  implicit objs: []
  implicit dirs: [/Users/marufahmed/Library/Android/sdk/ndk/28.0.12433566/toolchains/llvm/prebuilt/darwin-x86_64/lib/clang/19/lib/linux/aarch64;/Users/marufahmed/Library/Android/sdk/ndk/28.0.12433566/toolchains/llvm/prebuilt/darwin-x86_64/sysroot/usr/lib/aarch64-linux-android/24;/Users/marufahmed/Library/Android/sdk/ndk/28.0.12433566/toolchains/llvm/prebuilt/darwin-x86_64/sysroot/usr/lib/aarch64-linux-android;/Users/marufahmed/Library/Android/sdk/ndk/28.0.12433566/toolchains/llvm/prebuilt/darwin-x86_64/sysroot/usr/lib;/Users/marufahmed/Library/Android/sdk/ndk/28.0.12433566/toolchains/llvm/prebuilt/darwin-x86_64/lib]
  implicit fwks: []


Detecting CXX OpenMP compiler ABI info compiled with the following output:
Change Dir: /Users/marufahmed/Work/codes/ncnn_paddleocr/app/.cxx/Debug/6p4p4qd1/arm64-v8a/CMakeFiles/CMakeTmp

Run Build Command(s):/Users/marufahmed/Library/Android/sdk/cmake/3.22.1/bin/ninja cmTC_12ba8 && [1/2] Building CXX object CMakeFiles/cmTC_12ba8.dir/OpenMPTryFlag.cpp.o
Android (12328485, +pgo, -bolt, +lto, -mlgo, based on r530567) clang version 19.0.0 (https://android.googlesource.com/toolchain/llvm-project 97a699bf4812a18fb657c2779f5296a4ab2694d2)
Target: aarch64-none-linux-android24
Thread model: posix
InstalledDir: /Users/marufahmed/Library/Android/sdk/ndk/28.0.12433566/toolchains/llvm/prebuilt/darwin-x86_64/bin
 (in-process)
 "/Users/marufahmed/Library/Android/sdk/ndk/28.0.12433566/toolchains/llvm/prebuilt/darwin-x86_64/bin/clang++" -cc1 -triple aarch64-none-linux-android24 -emit-obj -mrelax-all -disable-free -clear-ast-before-backend -disable-llvm-verifier -discard-value-names -main-file-name OpenMPTryFlag.cpp -mrelocation-model pic -pic-level 2 -pic-is-pie -mframe-pointer=non-leaf -ffp-contract=on -fno-rounding-math -mconstructor-aliases -funwind-tables=2 -target-cpu generic -target-feature +v8a -target-feature +fp-armv8 -target-feature +neon -target-feature +fix-cortex-a53-835769 -target-abi aapcs -debug-info-kind=constructor -dwarf-version=4 -debugger-tuning=gdb -fdebug-compilation-dir=/Users/marufahmed/Work/codes/ncnn_paddleocr/app/.cxx/Debug/6p4p4qd1/arm64-v8a/CMakeFiles/CMakeTmp -v -ffunction-sections -fdata-sections -fcoverage-compilation-dir=/Users/marufahmed/Work/codes/ncnn_paddleocr/app/.cxx/Debug/6p4p4qd1/arm64-v8a/CMakeFiles/CMakeTmp -resource-dir /Users/marufahmed/Library/Android/sdk/ndk/28.0.12433566/toolchains/llvm/prebuilt/darwin-x86_64/lib/clang/19 -dependency-file CMakeFiles/cmTC_12ba8.dir/OpenMPTryFlag.cpp.o.d -MT CMakeFiles/cmTC_12ba8.dir/OpenMPTryFlag.cpp.o -sys-header-deps -D ANDROID -D _FORTIFY_SOURCE=2 -isysroot /Users/marufahmed/Library/Android/sdk/ndk/28.0.12433566/toolchains/llvm/prebuilt/darwin-x86_64/sysroot -internal-isystem /Users/marufahmed/Library/Android/sdk/ndk/28.0.12433566/toolchains/llvm/prebuilt/darwin-x86_64/sysroot/usr/include/c++/v1 -internal-isystem /Users/marufahmed/Library/Android/sdk/ndk/28.0.12433566/toolchains/llvm/prebuilt/darwin-x86_64/lib/clang/19/include -internal-isystem /Users/marufahmed/Library/Android/sdk/ndk/28.0.12433566/toolchains/llvm/prebuilt/darwin-x86_64/sysroot/usr/local/include -internal-externc-isystem /Users/marufahmed/Library/Android/sdk/ndk/28.0.12433566/toolchains/llvm/prebuilt/darwin-x86_64/sysroot/usr/include/aarch64-linux-android -internal-externc-isystem /Users/marufahmed/Library/Android/sdk/ndk/28.0.12433566/toolchains/llvm/prebuilt/darwin-x86_64/sysroot/include -internal-externc-isystem /Users/marufahmed/Library/Android/sdk/ndk/28.0.12433566/toolchains/llvm/prebuilt/darwin-x86_64/sysroot/usr/include -Wformat -Werror=format-security -fdeprecated-macro -ferror-limit 19 -femulated-tls -fopenmp -stack-protector 2 -fno-signed-char -fgnuc-version=4.2.1 -fskip-odr-check-in-gmf -fcxx-exceptions -fexceptions -target-feature +outline-atomics -D__GCC_HAVE_DWARF2_CFI_ASM=1 -o CMakeFiles/cmTC_12ba8.dir/OpenMPTryFlag.cpp.o -x c++ /Users/marufahmed/Work/codes/ncnn_paddleocr/app/.cxx/Debug/6p4p4qd1/arm64-v8a/CMakeFiles/FindOpenMP/OpenMPTryFlag.cpp
clang -cc1 version 19.0.0 based upon LLVM 19.0.0 default target x86_64-apple-darwin24.0.0
ignoring nonexistent directory "/Users/marufahmed/Library/Android/sdk/ndk/28.0.12433566/toolchains/llvm/prebuilt/darwin-x86_64/sysroot/usr/local/include"
ignoring nonexistent directory "/Users/marufahmed/Library/Android/sdk/ndk/28.0.12433566/toolchains/llvm/prebuilt/darwin-x86_64/sysroot/include"
#include "..." search starts here:
#include <...> search starts here:
 /Users/marufahmed/Library/Android/sdk/ndk/28.0.12433566/toolchains/llvm/prebuilt/darwin-x86_64/sysroot/usr/include/c++/v1
 /Users/marufahmed/Library/Android/sdk/ndk/28.0.12433566/toolchains/llvm/prebuilt/darwin-x86_64/lib/clang/19/include
 /Users/marufahmed/Library/Android/sdk/ndk/28.0.12433566/toolchains/llvm/prebuilt/darwin-x86_64/sysroot/usr/include/aarch64-linux-android
 /Users/marufahmed/Library/Android/sdk/ndk/28.0.12433566/toolchains/llvm/prebuilt/darwin-x86_64/sysroot/usr/include
End of search list.
[2/2] Linking CXX executable cmTC_12ba8
Android (12328485, +pgo, -bolt, +lto, -mlgo, based on r530567) clang version 19.0.0 (https://android.googlesource.com/toolchain/llvm-project 97a699bf4812a18fb657c2779f5296a4ab2694d2)
Target: aarch64-none-linux-android24
Thread model: posix
InstalledDir: /Users/marufahmed/Library/Android/sdk/ndk/28.0.12433566/toolchains/llvm/prebuilt/darwin-x86_64/bin
 "/Users/marufahmed/Library/Android/sdk/ndk/28.0.12433566/toolchains/llvm/prebuilt/darwin-x86_64/bin/ld.lld" --sysroot=/Users/marufahmed/Library/Android/sdk/ndk/28.0.12433566/toolchains/llvm/prebuilt/darwin-x86_64/sysroot -EL --fix-cortex-a53-843419 -z now -z relro -z max-page-size=16384 --hash-style=gnu --eh-frame-hdr -m aarch64linux -pie -dynamic-linker /system/bin/linker64 -o cmTC_12ba8 /Users/marufahmed/Library/Android/sdk/ndk/28.0.12433566/toolchains/llvm/prebuilt/darwin-x86_64/sysroot/usr/lib/aarch64-linux-android/24/crtbegin_dynamic.o -L/Users/marufahmed/Library/Android/sdk/ndk/28.0.12433566/toolchains/llvm/prebuilt/darwin-x86_64/lib/clang/19/lib/linux/aarch64 -L/Users/marufahmed/Library/Android/sdk/ndk/28.0.12433566/toolchains/llvm/prebuilt/darwin-x86_64/sysroot/usr/lib/aarch64-linux-android/24 -L/Users/marufahmed/Library/Android/sdk/ndk/28.0.12433566/toolchains/llvm/prebuilt/darwin-x86_64/sysroot/usr/lib/aarch64-linux-android -L/Users/marufahmed/Library/Android/sdk/ndk/28.0.12433566/toolchains/llvm/prebuilt/darwin-x86_64/sysroot/usr/lib --build-id=sha1 --no-rosegment --no-undefined-version --fatal-warnings --no-undefined CMakeFiles/cmTC_12ba8.dir/OpenMPTryFlag.cpp.o -latomic -lm -Bstatic -lc++ -Bdynamic -lm -lomp -L/Users/marufahmed/Library/Android/sdk/ndk/28.0.12433566/toolchains/llvm/prebuilt/darwin-x86_64/lib /Users/marufahmed/Library/Android/sdk/ndk/28.0.12433566/toolchains/llvm/prebuilt/darwin-x86_64/lib/clang/19/lib/linux/libclang_rt.builtins-aarch64-android.a -l:libunwind.a -ldl -lc /Users/marufahmed/Library/Android/sdk/ndk/28.0.12433566/toolchains/llvm/prebuilt/darwin-x86_64/lib/clang/19/lib/linux/libclang_rt.builtins-aarch64-android.a -l:libunwind.a -ldl /Users/marufahmed/Library/Android/sdk/ndk/28.0.12433566/toolchains/llvm/prebuilt/darwin-x86_64/sysroot/usr/lib/aarch64-linux-android/24/crtend_android.o



Parsed CXX OpenMP implicit link information from above output:
  link line regex: [^( *|.*[/\])(ld\.lld|CMAKE_LINK_STARTFILE-NOTFOUND|([^/\]+-)?ld|collect2)[^/\]*( |$)]
  ignore line: [Change Dir: /Users/marufahmed/Work/codes/ncnn_paddleocr/app/.cxx/Debug/6p4p4qd1/arm64-v8a/CMakeFiles/CMakeTmp]
  ignore line: []
  ignore line: [Run Build Command(s):/Users/marufahmed/Library/Android/sdk/cmake/3.22.1/bin/ninja cmTC_12ba8 && [1/2] Building CXX object CMakeFiles/cmTC_12ba8.dir/OpenMPTryFlag.cpp.o]
  ignore line: [Android (12328485  +pgo  -bolt  +lto  -mlgo  based on r530567) clang version 19.0.0 (https://android.googlesource.com/toolchain/llvm-project 97a699bf4812a18fb657c2779f5296a4ab2694d2)]
  ignore line: [Target: aarch64-none-linux-android24]
  ignore line: [Thread model: posix]
  ignore line: [InstalledDir: /Users/marufahmed/Library/Android/sdk/ndk/28.0.12433566/toolchains/llvm/prebuilt/darwin-x86_64/bin]
  ignore line: [ (in-process)]
  ignore line: [ "/Users/marufahmed/Library/Android/sdk/ndk/28.0.12433566/toolchains/llvm/prebuilt/darwin-x86_64/bin/clang++" -cc1 -triple aarch64-none-linux-android24 -emit-obj -mrelax-all -disable-free -clear-ast-before-backend -disable-llvm-verifier -discard-value-names -main-file-name OpenMPTryFlag.cpp -mrelocation-model pic -pic-level 2 -pic-is-pie -mframe-pointer=non-leaf -ffp-contract=on -fno-rounding-math -mconstructor-aliases -funwind-tables=2 -target-cpu generic -target-feature +v8a -target-feature +fp-armv8 -target-feature +neon -target-feature +fix-cortex-a53-835769 -target-abi aapcs -debug-info-kind=constructor -dwarf-version=4 -debugger-tuning=gdb -fdebug-compilation-dir=/Users/marufahmed/Work/codes/ncnn_paddleocr/app/.cxx/Debug/6p4p4qd1/arm64-v8a/CMakeFiles/CMakeTmp -v -ffunction-sections -fdata-sections -fcoverage-compilation-dir=/Users/marufahmed/Work/codes/ncnn_paddleocr/app/.cxx/Debug/6p4p4qd1/arm64-v8a/CMakeFiles/CMakeTmp -resource-dir /Users/marufahmed/Library/Android/sdk/ndk/28.0.12433566/toolchains/llvm/prebuilt/darwin-x86_64/lib/clang/19 -dependency-file CMakeFiles/cmTC_12ba8.dir/OpenMPTryFlag.cpp.o.d -MT CMakeFiles/cmTC_12ba8.dir/OpenMPTryFlag.cpp.o -sys-header-deps -D ANDROID -D _FORTIFY_SOURCE=2 -isysroot /Users/marufahmed/Library/Android/sdk/ndk/28.0.12433566/toolchains/llvm/prebuilt/darwin-x86_64/sysroot -internal-isystem /Users/marufahmed/Library/Android/sdk/ndk/28.0.12433566/toolchains/llvm/prebuilt/darwin-x86_64/sysroot/usr/include/c++/v1 -internal-isystem /Users/marufahmed/Library/Android/sdk/ndk/28.0.12433566/toolchains/llvm/prebuilt/darwin-x86_64/lib/clang/19/include -internal-isystem /Users/marufahmed/Library/Android/sdk/ndk/28.0.12433566/toolchains/llvm/prebuilt/darwin-x86_64/sysroot/usr/local/include -internal-externc-isystem /Users/marufahmed/Library/Android/sdk/ndk/28.0.12433566/toolchains/llvm/prebuilt/darwin-x86_64/sysroot/usr/include/aarch64-linux-android -internal-externc-isystem /Users/marufahmed/Library/Android/sdk/ndk/28.0.12433566/toolchains/llvm/prebuilt/darwin-x86_64/sysroot/include -internal-externc-isystem /Users/marufahmed/Library/Android/sdk/ndk/28.0.12433566/toolchains/llvm/prebuilt/darwin-x86_64/sysroot/usr/include -Wformat -Werror=format-security -fdeprecated-macro -ferror-limit 19 -femulated-tls -fopenmp -stack-protector 2 -fno-signed-char -fgnuc-version=4.2.1 -fskip-odr-check-in-gmf -fcxx-exceptions -fexceptions -target-feature +outline-atomics -D__GCC_HAVE_DWARF2_CFI_ASM=1 -o CMakeFiles/cmTC_12ba8.dir/OpenMPTryFlag.cpp.o -x c++ /Users/marufahmed/Work/codes/ncnn_paddleocr/app/.cxx/Debug/6p4p4qd1/arm64-v8a/CMakeFiles/FindOpenMP/OpenMPTryFlag.cpp]
  ignore line: [clang -cc1 version 19.0.0 based upon LLVM 19.0.0 default target x86_64-apple-darwin24.0.0]
  ignore line: [ignoring nonexistent directory "/Users/marufahmed/Library/Android/sdk/ndk/28.0.12433566/toolchains/llvm/prebuilt/darwin-x86_64/sysroot/usr/local/include"]
  ignore line: [ignoring nonexistent directory "/Users/marufahmed/Library/Android/sdk/ndk/28.0.12433566/toolchains/llvm/prebuilt/darwin-x86_64/sysroot/include"]
  ignore line: [#include "..." search starts here:]
  ignore line: [#include <...> search starts here:]
  ignore line: [ /Users/marufahmed/Library/Android/sdk/ndk/28.0.12433566/toolchains/llvm/prebuilt/darwin-x86_64/sysroot/usr/include/c++/v1]
  ignore line: [ /Users/marufahmed/Library/Android/sdk/ndk/28.0.12433566/toolchains/llvm/prebuilt/darwin-x86_64/lib/clang/19/include]
  ignore line: [ /Users/marufahmed/Library/Android/sdk/ndk/28.0.12433566/toolchains/llvm/prebuilt/darwin-x86_64/sysroot/usr/include/aarch64-linux-android]
  ignore line: [ /Users/marufahmed/Library/Android/sdk/ndk/28.0.12433566/toolchains/llvm/prebuilt/darwin-x86_64/sysroot/usr/include]
  ignore line: [End of search list.]
  ignore line: [[2/2] Linking CXX executable cmTC_12ba8]
  ignore line: [Android (12328485  +pgo  -bolt  +lto  -mlgo  based on r530567) clang version 19.0.0 (https://android.googlesource.com/toolchain/llvm-project 97a699bf4812a18fb657c2779f5296a4ab2694d2)]
  ignore line: [Target: aarch64-none-linux-android24]
  ignore line: [Thread model: posix]
  ignore line: [InstalledDir: /Users/marufahmed/Library/Android/sdk/ndk/28.0.12433566/toolchains/llvm/prebuilt/darwin-x86_64/bin]
  link line: [ "/Users/marufahmed/Library/Android/sdk/ndk/28.0.12433566/toolchains/llvm/prebuilt/darwin-x86_64/bin/ld.lld" --sysroot=/Users/marufahmed/Library/Android/sdk/ndk/28.0.12433566/toolchains/llvm/prebuilt/darwin-x86_64/sysroot -EL --fix-cortex-a53-843419 -z now -z relro -z max-page-size=16384 --hash-style=gnu --eh-frame-hdr -m aarch64linux -pie -dynamic-linker /system/bin/linker64 -o cmTC_12ba8 /Users/marufahmed/Library/Android/sdk/ndk/28.0.12433566/toolchains/llvm/prebuilt/darwin-x86_64/sysroot/usr/lib/aarch64-linux-android/24/crtbegin_dynamic.o -L/Users/marufahmed/Library/Android/sdk/ndk/28.0.12433566/toolchains/llvm/prebuilt/darwin-x86_64/lib/clang/19/lib/linux/aarch64 -L/Users/marufahmed/Library/Android/sdk/ndk/28.0.12433566/toolchains/llvm/prebuilt/darwin-x86_64/sysroot/usr/lib/aarch64-linux-android/24 -L/Users/marufahmed/Library/Android/sdk/ndk/28.0.12433566/toolchains/llvm/prebuilt/darwin-x86_64/sysroot/usr/lib/aarch64-linux-android -L/Users/marufahmed/Library/Android/sdk/ndk/28.0.12433566/toolchains/llvm/prebuilt/darwin-x86_64/sysroot/usr/lib --build-id=sha1 --no-rosegment --no-undefined-version --fatal-warnings --no-undefined CMakeFiles/cmTC_12ba8.dir/OpenMPTryFlag.cpp.o -latomic -lm -Bstatic -lc++ -Bdynamic -lm -lomp -L/Users/marufahmed/Library/Android/sdk/ndk/28.0.12433566/toolchains/llvm/prebuilt/darwin-x86_64/lib /Users/marufahmed/Library/Android/sdk/ndk/28.0.12433566/toolchains/llvm/prebuilt/darwin-x86_64/lib/clang/19/lib/linux/libclang_rt.builtins-aarch64-android.a -l:libunwind.a -ldl -lc /Users/marufahmed/Library/Android/sdk/ndk/28.0.12433566/toolchains/llvm/prebuilt/darwin-x86_64/lib/clang/19/lib/linux/libclang_rt.builtins-aarch64-android.a -l:libunwind.a -ldl /Users/marufahmed/Library/Android/sdk/ndk/28.0.12433566/toolchains/llvm/prebuilt/darwin-x86_64/sysroot/usr/lib/aarch64-linux-android/24/crtend_android.o]
    arg [/Users/marufahmed/Library/Android/sdk/ndk/28.0.12433566/toolchains/llvm/prebuilt/darwin-x86_64/bin/ld.lld] ==> ignore
    arg [--sysroot=/Users/marufahmed/Library/Android/sdk/ndk/28.0.12433566/toolchains/llvm/prebuilt/darwin-x86_64/sysroot] ==> ignore
    arg [-EL] ==> ignore
    arg [--fix-cortex-a53-843419] ==> ignore
    arg [-znow] ==> ignore
    arg [-zrelro] ==> ignore
    arg [-zmax-page-size=16384] ==> ignore
    arg [--hash-style=gnu] ==> ignore
    arg [--eh-frame-hdr] ==> ignore
    arg [-m] ==> ignore
    arg [aarch64linux] ==> ignore
    arg [-pie] ==> ignore
    arg [-dynamic-linker] ==> ignore
    arg [/system/bin/linker64] ==> ignore
    arg [-o] ==> ignore
    arg [cmTC_12ba8] ==> ignore
    arg [-L/Users/marufahmed/Library/Android/sdk/ndk/28.0.12433566/toolchains/llvm/prebuilt/darwin-x86_64/lib/clang/19/lib/linux/aarch64] ==> dir [/Users/marufahmed/Library/Android/sdk/ndk/28.0.12433566/toolchains/llvm/prebuilt/darwin-x86_64/lib/clang/19/lib/linux/aarch64]
    arg [-L/Users/marufahmed/Library/Android/sdk/ndk/28.0.12433566/toolchains/llvm/prebuilt/darwin-x86_64/sysroot/usr/lib/aarch64-linux-android/24] ==> dir [/Users/marufahmed/Library/Android/sdk/ndk/28.0.12433566/toolchains/llvm/prebuilt/darwin-x86_64/sysroot/usr/lib/aarch64-linux-android/24]
    arg [-L/Users/marufahmed/Library/Android/sdk/ndk/28.0.12433566/toolchains/llvm/prebuilt/darwin-x86_64/sysroot/usr/lib/aarch64-linux-android] ==> dir [/Users/marufahmed/Library/Android/sdk/ndk/28.0.12433566/toolchains/llvm/prebuilt/darwin-x86_64/sysroot/usr/lib/aarch64-linux-android]
    arg [-L/Users/marufahmed/Library/Android/sdk/ndk/28.0.12433566/toolchains/llvm/prebuilt/darwin-x86_64/sysroot/usr/lib] ==> dir [/Users/marufahmed/Library/Android/sdk/ndk/28.0.12433566/toolchains/llvm/prebuilt/darwin-x86_64/sysroot/usr/lib]
    arg [--build-id=sha1] ==> ignore
    arg [--no-rosegment] ==> ignore
    arg [--no-undefined-version] ==> ignore
    arg [--fatal-warnings] ==> ignore
    arg [--no-undefined] ==> ignore
    arg [CMakeFiles/cmTC_12ba8.dir/OpenMPTryFlag.cpp.o] ==> ignore
    arg [-latomic] ==> lib [atomic]
    arg [-lm] ==> lib [m]
    arg [-Bstatic] ==> search static
    arg [-lc++] ==> lib [c++]
    arg [-Bdynamic] ==> search dynamic
    arg [-lm] ==> lib [m]
    arg [-lomp] ==> lib [omp]
    arg [-L/Users/marufahmed/Library/Android/sdk/ndk/28.0.12433566/toolchains/llvm/prebuilt/darwin-x86_64/lib] ==> dir [/Users/marufahmed/Library/Android/sdk/ndk/28.0.12433566/toolchains/llvm/prebuilt/darwin-x86_64/lib]
    arg [/Users/marufahmed/Library/Android/sdk/ndk/28.0.12433566/toolchains/llvm/prebuilt/darwin-x86_64/lib/clang/19/lib/linux/libclang_rt.builtins-aarch64-android.a] ==> lib [/Users/marufahmed/Library/Android/sdk/ndk/28.0.12433566/toolchains/llvm/prebuilt/darwin-x86_64/lib/clang/19/lib/linux/libclang_rt.builtins-aarch64-android.a]
    arg [-l:libunwind.a] ==> lib [-l:libunwind.a]
    arg [-ldl] ==> lib [dl]
    arg [-lc] ==> lib [c]
    arg [/Users/marufahmed/Library/Android/sdk/ndk/28.0.12433566/toolchains/llvm/prebuilt/darwin-x86_64/lib/clang/19/lib/linux/libclang_rt.builtins-aarch64-android.a] ==> lib [/Users/marufahmed/Library/Android/sdk/ndk/28.0.12433566/toolchains/llvm/prebuilt/darwin-x86_64/lib/clang/19/lib/linux/libclang_rt.builtins-aarch64-android.a]
    arg [-l:libunwind.a] ==> lib [-l:libunwind.a]
    arg [-ldl] ==> lib [dl]
  remove lib [/Users/marufahmed/Library/Android/sdk/ndk/28.0.12433566/toolchains/llvm/prebuilt/darwin-x86_64/lib/clang/19/lib/linux/libclang_rt.builtins-aarch64-android.a]
  remove lib [/Users/marufahmed/Library/Android/sdk/ndk/28.0.12433566/toolchains/llvm/prebuilt/darwin-x86_64/lib/clang/19/lib/linux/libclang_rt.builtins-aarch64-android.a]
  collapse library dir [/Users/marufahmed/Library/Android/sdk/ndk/28.0.12433566/toolchains/llvm/prebuilt/darwin-x86_64/lib/clang/19/lib/linux/aarch64] ==> [/Users/marufahmed/Library/Android/sdk/ndk/28.0.12433566/toolchains/llvm/prebuilt/darwin-x86_64/lib/clang/19/lib/linux/aarch64]
  collapse library dir [/Users/marufahmed/Library/Android/sdk/ndk/28.0.12433566/toolchains/llvm/prebuilt/darwin-x86_64/sysroot/usr/lib/aarch64-linux-android/24] ==> [/Users/marufahmed/Library/Android/sdk/ndk/28.0.12433566/toolchains/llvm/prebuilt/darwin-x86_64/sysroot/usr/lib/aarch64-linux-android/24]
  collapse library dir [/Users/marufahmed/Library/Android/sdk/ndk/28.0.12433566/toolchains/llvm/prebuilt/darwin-x86_64/sysroot/usr/lib/aarch64-linux-android] ==> [/Users/marufahmed/Library/Android/sdk/ndk/28.0.12433566/toolchains/llvm/prebuilt/darwin-x86_64/sysroot/usr/lib/aarch64-linux-android]
  collapse library dir [/Users/marufahmed/Library/Android/sdk/ndk/28.0.12433566/toolchains/llvm/prebuilt/darwin-x86_64/sysroot/usr/lib] ==> [/Users/marufahmed/Library/Android/sdk/ndk/28.0.12433566/toolchains/llvm/prebuilt/darwin-x86_64/sysroot/usr/lib]
  collapse library dir [/Users/marufahmed/Library/Android/sdk/ndk/28.0.12433566/toolchains/llvm/prebuilt/darwin-x86_64/lib] ==> [/Users/marufahmed/Library/Android/sdk/ndk/28.0.12433566/toolchains/llvm/prebuilt/darwin-x86_64/lib]
  implicit libs: [atomic;m;c++;m;omp;-l:libunwind.a;dl;c;-l:libunwind.a;dl]
  implicit objs: []
  implicit dirs: [/Users/marufahmed/Library/Android/sdk/ndk/28.0.12433566/toolchains/llvm/prebuilt/darwin-x86_64/lib/clang/19/lib/linux/aarch64;/Users/marufahmed/Library/Android/sdk/ndk/28.0.12433566/toolchains/llvm/prebuilt/darwin-x86_64/sysroot/usr/lib/aarch64-linux-android/24;/Users/marufahmed/Library/Android/sdk/ndk/28.0.12433566/toolchains/llvm/prebuilt/darwin-x86_64/sysroot/usr/lib/aarch64-linux-android;/Users/marufahmed/Library/Android/sdk/ndk/28.0.12433566/toolchains/llvm/prebuilt/darwin-x86_64/sysroot/usr/lib;/Users/marufahmed/Library/Android/sdk/ndk/28.0.12433566/toolchains/llvm/prebuilt/darwin-x86_64/lib]
  implicit fwks: []


Determining if the include file pthread.h exists passed with the following output:
Change Dir: /Users/marufahmed/Work/codes/ncnn_paddleocr/app/.cxx/Debug/6p4p4qd1/arm64-v8a/CMakeFiles/CMakeTmp

Run Build Command(s):/Users/marufahmed/Library/Android/sdk/cmake/3.22.1/bin/ninja cmTC_a6d39 && [1/2] Building C object CMakeFiles/cmTC_a6d39.dir/CheckIncludeFile.c.o
[2/2] Linking C executable cmTC_a6d39



